#
# There is insufficient memory for the Java Runtime Environment to continue.
# Native memory allocation (mmap) failed to map 65536 bytes. Error detail: Failed to commit metaspace.
# Possible reasons:
#   The system is out of physical RAM or swap space
#   This process is running with CompressedOops enabled, and the Java Heap may be blocking the growth of the native heap
# Possible solutions:
#   Reduce memory load on the system
#   Increase physical memory or swap space
#   Check if swap backing store is full
#   Decrease Java heap size (-Xmx/-Xms)
#   Decrease number of Java threads
#   Decrease Java thread stack sizes (-Xss)
#   Set larger code cache with -XX:ReservedCodeCacheSize=
#   JVM is running with Unscaled Compressed Oops mode in which the Java heap is
#     placed in the first 4GB address space. The Java Heap base address is the
#     maximum limit for the native heap growth. Please use -XX:HeapBaseMinAddress
#     to set the Java Heap base and to place the Java Heap above 4GB virtual address.
# This output file may be truncated or incomplete.
#
#  Out of Memory Error (virtualSpaceNode.cpp:110), pid=36020, tid=34900
#
# JRE version: OpenJDK Runtime Environment Temurin-17.0.18+8 (17.0.18+8) (build 17.0.18+8)
# Java VM: OpenJDK 64-Bit Server VM Temurin-17.0.18+8 (17.0.18+8, mixed mode, emulated-client, tiered, compressed oops, compressed class ptrs, g1 gc, windows-amd64)
# No core dump will be written. Minidumps are not enabled by default on client versions of Windows
#

---------------  S U M M A R Y ------------

Command Line: -Dcom.sun.management.jmxremote -Dcom.sun.management.jmxremote.port=57822 -Dcom.sun.management.jmxremote.authenticate=false -Dcom.sun.management.jmxremote.ssl=false -Djava.rmi.server.hostname=localhost -Dspring.jmx.enabled=true -Dmanagement.endpoints.jmx.exposure.include=* -Dspring.application.admin.enabled=true -Dspring.output.ansi.enabled=always -XX:TieredStopAtLevel=1 -Dspring.boot.project.name=inventory-service -Dfile.encoding=UTF-8 -Dstdout.encoding=UTF-8 -Dstderr.encoding=UTF-8 -XX:+ShowCodeDetailsInExceptionMessages com.company.inventoryservice.InventoryServiceApplication

Host: 13th Gen Intel(R) Core(TM) i5-1335U, 12 cores, 3G,  Windows 11 , 64 bit Build 26100 (10.0.26100.8521)
Time: Sun Jun 28 20:29:09 2026 India Standard Time elapsed time: 12.221023 seconds (0d 0h 0m 12s)

---------------  T H R E A D  ---------------

Current thread (0x000002622d0be460):  JavaThread "main" [_thread_in_vm, id=34900, stack(0x000000e877600000,0x000000e877700000)]

Stack: [0x000000e877600000,0x000000e877700000]
Native frames: (J=compiled Java code, j=interpreted, Vv=VM code, C=native code)
V  [jvm.dll+0x6846f9]
V  [jvm.dll+0x839ea5]
V  [jvm.dll+0x83b91e]
V  [jvm.dll+0x83bfa3]
V  [jvm.dll+0x248eff]
V  [jvm.dll+0x835c8d]
V  [jvm.dll+0x6291fd]
V  [jvm.dll+0x1c0710]
V  [jvm.dll+0x62bb72]
V  [jvm.dll+0x629bb6]
V  [jvm.dll+0x23dff4]
V  [jvm.dll+0x1eaf6f]
V  [jvm.dll+0x1e08d1]
V  [jvm.dll+0x548119]
V  [jvm.dll+0x1f177e]
V  [jvm.dll+0x7b3f3f]
V  [jvm.dll+0x7b538d]
V  [jvm.dll+0x7b56d8]
V  [jvm.dll+0x24091d]
V  [jvm.dll+0x384a2e]
C  0x0000026236239925

The last pc belongs to new (printed below).
Java frames: (J=compiled Java code, j=interpreted, Vv=VM code)
j  java.util.ServiceLoader.getConstructor(Ljava/lang/Class;)Ljava/lang/reflect/Constructor;+0 java.base@17.0.18
j  java.util.ServiceLoader.loadProvider(Ljdk/internal/module/ServicesCatalog$ServiceProvider;)Ljava/util/ServiceLoader$Provider;+372 java.base@17.0.18
j  java.util.ServiceLoader$ModuleServicesLookupIterator.hasNext()Z+79 java.base@17.0.18
j  java.util.ServiceLoader$2.hasNext()Z+4 java.base@17.0.18
j  java.util.ServiceLoader$3.hasNext()Z+32 java.base@17.0.18
j  jdk.internal.logger.BootstrapLogger$DetectBackend$1.run()Ljdk/internal/logger/BootstrapLogger$LoggingBackend;+35 java.base@17.0.18
j  jdk.internal.logger.BootstrapLogger$DetectBackend$1.run()Ljava/lang/Object;+1 java.base@17.0.18
j  java.security.AccessController.executePrivileged(Ljava/security/PrivilegedAction;Ljava/security/AccessControlContext;Ljava/lang/Class;)Ljava/lang/Object;+29 java.base@17.0.18
j  java.security.AccessController.doPrivileged(Ljava/security/PrivilegedAction;)Ljava/lang/Object;+5 java.base@17.0.18
j  jdk.internal.logger.BootstrapLogger$DetectBackend.<clinit>()V+7 java.base@17.0.18
v  ~StubRoutines::call_stub
j  jdk.internal.logger.BootstrapLogger.useLazyLoggers()Z+6 java.base@17.0.18
j  jdk.internal.logger.LazyLoggers.getLazyLogger(Ljava/lang/String;Ljava/lang/Module;)Ljava/lang/System$Logger;+0 java.base@17.0.18
j  jdk.internal.logger.LazyLoggers.getLogger(Ljava/lang/String;Ljava/lang/Module;)Ljava/lang/System$Logger;+9 java.base@17.0.18
j  java.lang.System.getLogger(Ljava/lang/String;)Ljava/lang/System$Logger;+29 java.base@17.0.18
j  sun.management.jmxremote.ConnectorBootstrap.<clinit>()V+9 jdk.management.agent@17.0.18
v  ~StubRoutines::call_stub
j  jdk.internal.agent.Agent.startAgent(Ljava/util/Properties;)V+48 jdk.management.agent@17.0.18
j  jdk.internal.agent.Agent.startAgent()V+20 jdk.management.agent@17.0.18
v  ~StubRoutines::call_stub
new  187 new  [0x00000262362397a0, 0x00000262362399c0]  544 bytes
[MachCode]
  0x00000262362397a0: 4883 ec08 | c5fa 1104 | 24eb 1f48 | 83ec 10c5 | fb11 0424 | eb14 4883 | ec10 4889 | 0424 48c7 
  0x00000262362397c0: 4424 0800 | 0000 00eb | 0150 410f | b755 010f | cac1 ea10 | 488b 4de8 | 488b 4908 | 488b 4908 
  0x00000262362397e0: 488b 4108 | 807c 1004 | 070f 85d6 | 0000 0066 | 8b54 d148 | 488b 4928 | 488b 4cd1 | 0851 80b9 
  0x0000026236239800: 3301 0000 | 040f 85b9 | 0000 008b | 5108 f7c2 | 0100 0000 | 0f85 aa00 | 0000 498b | 8708 0100 
  0x0000026236239820: 0048 8d1c | 1049 3b9f | 1801 0000 | 0f87 9200 | 0000 4989 | 9f08 0100 | 00e9 0000 | 0000 4883 
  0x0000026236239840: ea10 0f84 | 0f00 0000 | 33c9 c1ea | 0348 894c | d008 48ff | ca75 f648 | c700 0100 | 0000 5933 
  0x0000026236239860: f689 700c | 48c1 e903 | 8948 0849 | bad6 c61c | 13fc 7f00 | 0041 803a | 000f 8440 | 0000 0050 
  0x0000026236239880: 488b c848 | 83ec 20f7 | c40f 0000 | 000f 841a | 0000 0048 | 83ec 0849 | ba70 a0d2 | 12fc 7f00 
  0x00000262362398a0: 0041 ffd2 | 4883 c408 | e90d 0000 | 0049 ba70 | a0d2 12fc | 7f00 0041 | ffd2 4883 | c420 58e9 
  0x00000262362398c0: cd00 0000 | 5948 8b55 | e848 8b52 | 0848 8b52 | 0845 0fb7 | 4501 410f | c841 c1e8 | 10e8 0500 
  0x00000262362398e0: 0000 e9aa | 0000 0048 | 8d44 2408 | 4c89 6dc0 | 498b cfc5 | f877 4989 | afa8 0200 | 0049 8987 
  0x0000026236239900: 9802 0000 | 4883 ec20 | f7c4 0f00 | 0000 0f84 | 1a00 0000 | 4883 ec08 | 49ba e049 | 9c12 fc7f 
  0x0000026236239920: 0000 41ff | d248 83c4 | 08e9 0d00 | 0000 49ba | e049 9c12 | fc7f 0000 | 41ff d248 | 83c4 2049 
  0x0000026236239940: c787 9802 | 0000 0000 | 0000 49c7 | 87a8 0200 | 0000 0000 | 0049 c787 | a002 0000 | 0000 0000 
  0x0000026236239960: c5f8 7749 | 817f 0800 | 0000 000f | 8405 0000 | 00e9 8a75 | feff 498b | 87f0 0200 | 0049 c787 
  0x0000026236239980: f002 0000 | 0000 0000 | 4c8b 6dc0 | 4c8b 75c8 | c341 0fb6 | 5d03 4983 | c503 49ba | 6037 1f13 
  0x00000262362399a0: fc7f 0000 | 41ff 24da | 0000 0000 | 0000 0000 | 0000 0000 | 0000 0000 | 0000 0000 | 0000 0000 
[/MachCode]

---------------  P R O C E S S  ---------------

Threads class SMR info:
_java_thread_list=0x00000262431a6de0, length=11, elements={
0x000002622d0be460, 0x000002623ec1b020, 0x000002623ec1d900, 0x000002623ec4d6b0,
0x000002623ec4df80, 0x000002623ec4e850, 0x00000262430132e0, 0x0000026243013bb0,
0x00000262430144c0, 0x000002623eb83b40, 0x00000262431d4410
}

Java Threads: ( => current thread )
=>0x000002622d0be460 JavaThread "main" [_thread_in_vm, id=34900, stack(0x000000e877600000,0x000000e877700000)]
  0x000002623ec1b020 JavaThread "Reference Handler" daemon [_thread_blocked, id=8616, stack(0x000000e877d00000,0x000000e877e00000)]
  0x000002623ec1d900 JavaThread "Finalizer" daemon [_thread_blocked, id=36428, stack(0x000000e877e00000,0x000000e877f00000)]
  0x000002623ec4d6b0 JavaThread "Signal Dispatcher" daemon [_thread_blocked, id=35644, stack(0x000000e877f00000,0x000000e878000000)]
  0x000002623ec4df80 JavaThread "Attach Listener" daemon [_thread_blocked, id=14384, stack(0x000000e878000000,0x000000e878100000)]
  0x000002623ec4e850 JavaThread "Service Thread" daemon [_thread_blocked, id=34840, stack(0x000000e878100000,0x000000e878200000)]
  0x00000262430132e0 JavaThread "Monitor Deflation Thread" daemon [_thread_blocked, id=26212, stack(0x000000e878200000,0x000000e878300000)]
  0x0000026243013bb0 JavaThread "C1 CompilerThread0" daemon [_thread_blocked, id=34972, stack(0x000000e878300000,0x000000e878400000)]
  0x00000262430144c0 JavaThread "Sweeper thread" daemon [_thread_blocked, id=22516, stack(0x000000e878400000,0x000000e878500000)]
  0x000002623eb83b40 JavaThread "Common-Cleaner" daemon [_thread_blocked, id=3216, stack(0x000000e878500000,0x000000e878600000)]
  0x00000262431d4410 JavaThread "Notification Thread" daemon [_thread_blocked, id=8276, stack(0x000000e878600000,0x000000e878700000)]

Other Threads:
  0x000002623ebb0890 VMThread "VM Thread" [stack: 0x000000e877c00000,0x000000e877d00000] [id=11540] _threads_hazard_ptr=0x00000262431a6de0
  0x000002622d0f9680 GCTaskThread "GC Thread#0" [stack: 0x000000e877700000,0x000000e877800000] [id=35456]
  0x000002622d1019e0 ConcurrentGCThread "G1 Main Marker" [stack: 0x000000e877800000,0x000000e877900000] [id=32936]
  0x000002622d105800 ConcurrentGCThread "G1 Conc#0" [stack: 0x000000e877900000,0x000000e877a00000] [id=36316]
  0x000002622d15d430 ConcurrentGCThread "G1 Refine#0" [stack: 0x000000e877a00000,0x000000e877b00000] [id=31096]
  0x000002622d15db10 ConcurrentGCThread "G1 Service" [stack: 0x000000e877b00000,0x000000e877c00000] [id=8204]

Threads with active compile tasks:

VM state: synchronizing (normal execution)

VM Mutex/Monitor currently owned by a thread:  ([mutex/lock_event])
[0x000002622d0b96d0] Metaspace_lock - owner thread: 0x000002622d0be460
[0x000002622d0b9010] Threads_lock - owner thread: 0x000002623ebb0890

Heap address: 0x00000000c5800000, size: 936 MB, Compressed Oops mode: 32-bit

CDS archive(s) not mapped
Compressed class space mapped at: 0x0000000100000000-0x0000000140000000, reserved size: 1073741824
Narrow klass base: 0x0000000000000000, Narrow klass shift: 3, Narrow klass range: 0x140000000

GC Precious Log:
 CPUs: 12 total, 12 available
 Memory: 3739M
 Large Page Support: Disabled
 NUMA Support: Disabled
 Compressed Oops: Enabled (32-bit)
 Heap Region Size: 1M
 Heap Min Capacity: 8M
 Heap Initial Capacity: 60M
 Heap Max Capacity: 936M
 Pre-touch: Disabled
 Parallel Workers: 10
 Concurrent Workers: 3
 Concurrent Refinement Workers: 10
 Periodic GC: Disabled

Heap:
 garbage-first heap   total 61440K, used 12288K [0x00000000c5800000, 0x0000000100000000)
  region size 1024K, 10 young (10240K), 0 survivors (0K)
 Metaspace       used 6439K, committed 6528K, reserved 1114112K
  class space    used 550K, committed 576K, reserved 1048576K

Heap Regions: E=young(eden), S=young(survivor), O=old, HS=humongous(starts), HC=humongous(continues), CS=collection set, F=free, OA=open archive, CA=closed archive, TAMS=top-at-mark-start (previous, next)
|   0|0x00000000c5800000, 0x00000000c5900000, 0x00000000c5900000|100%|HS|  |TAMS 0x00000000c5800000, 0x00000000c5800000| Complete 
|   1|0x00000000c5900000, 0x00000000c5a00000, 0x00000000c5a00000|100%|HS|  |TAMS 0x00000000c5900000, 0x00000000c5900000| Complete 
|   2|0x00000000c5a00000, 0x00000000c5b00000, 0x00000000c5b00000|100%|HS|  |TAMS 0x00000000c5a00000, 0x00000000c5a00000| Complete 
|   3|0x00000000c5b00000, 0x00000000c5c00000, 0x00000000c5c00000|100%|HS|  |TAMS 0x00000000c5b00000, 0x00000000c5b00000| Complete 
|   4|0x00000000c5c00000, 0x00000000c5c00000, 0x00000000c5d00000|  0%| F|  |TAMS 0x00000000c5c00000, 0x00000000c5c00000| Untracked 
|   5|0x00000000c5d00000, 0x00000000c5d00000, 0x00000000c5e00000|  0%| F|  |TAMS 0x00000000c5d00000, 0x00000000c5d00000| Untracked 
|   6|0x00000000c5e00000, 0x00000000c5e00000, 0x00000000c5f00000|  0%| F|  |TAMS 0x00000000c5e00000, 0x00000000c5e00000| Untracked 
|   7|0x00000000c5f00000, 0x00000000c5f00000, 0x00000000c6000000|  0%| F|  |TAMS 0x00000000c5f00000, 0x00000000c5f00000| Untracked 
|   8|0x00000000c6000000, 0x00000000c6000000, 0x00000000c6100000|  0%| F|  |TAMS 0x00000000c6000000, 0x00000000c6000000| Untracked 
|   9|0x00000000c6100000, 0x00000000c6100000, 0x00000000c6200000|  0%| F|  |TAMS 0x00000000c6100000, 0x00000000c6100000| Untracked 
|  10|0x00000000c6200000, 0x00000000c6200000, 0x00000000c6300000|  0%| F|  |TAMS 0x00000000c6200000, 0x00000000c6200000| Untracked 
|  11|0x00000000c6300000, 0x00000000c6300000, 0x00000000c6400000|  0%| F|  |TAMS 0x00000000c6300000, 0x00000000c6300000| Untracked 
|  12|0x00000000c6400000, 0x00000000c6400000, 0x00000000c6500000|  0%| F|  |TAMS 0x00000000c6400000, 0x00000000c6400000| Untracked 
|  13|0x00000000c6500000, 0x00000000c6500000, 0x00000000c6600000|  0%| F|  |TAMS 0x00000000c6500000, 0x00000000c6500000| Untracked 
|  14|0x00000000c6600000, 0x00000000c6600000, 0x00000000c6700000|  0%| F|  |TAMS 0x00000000c6600000, 0x00000000c6600000| Untracked 
|  15|0x00000000c6700000, 0x00000000c6700000, 0x00000000c6800000|  0%| F|  |TAMS 0x00000000c6700000, 0x00000000c6700000| Untracked 
|  16|0x00000000c6800000, 0x00000000c6800000, 0x00000000c6900000|  0%| F|  |TAMS 0x00000000c6800000, 0x00000000c6800000| Untracked 
|  17|0x00000000c6900000, 0x00000000c6900000, 0x00000000c6a00000|  0%| F|  |TAMS 0x00000000c6900000, 0x00000000c6900000| Untracked 
|  18|0x00000000c6a00000, 0x00000000c6a00000, 0x00000000c6b00000|  0%| F|  |TAMS 0x00000000c6a00000, 0x00000000c6a00000| Untracked 
|  19|0x00000000c6b00000, 0x00000000c6b00000, 0x00000000c6c00000|  0%| F|  |TAMS 0x00000000c6b00000, 0x00000000c6b00000| Untracked 
|  20|0x00000000c6c00000, 0x00000000c6c00000, 0x00000000c6d00000|  0%| F|  |TAMS 0x00000000c6c00000, 0x00000000c6c00000| Untracked 
|  21|0x00000000c6d00000, 0x00000000c6d00000, 0x00000000c6e00000|  0%| F|  |TAMS 0x00000000c6d00000, 0x00000000c6d00000| Untracked 
|  22|0x00000000c6e00000, 0x00000000c6e00000, 0x00000000c6f00000|  0%| F|  |TAMS 0x00000000c6e00000, 0x00000000c6e00000| Untracked 
|  23|0x00000000c6f00000, 0x00000000c6f00000, 0x00000000c7000000|  0%| F|  |TAMS 0x00000000c6f00000, 0x00000000c6f00000| Untracked 
|  24|0x00000000c7000000, 0x00000000c7000000, 0x00000000c7100000|  0%| F|  |TAMS 0x00000000c7000000, 0x00000000c7000000| Untracked 
|  25|0x00000000c7100000, 0x00000000c7100000, 0x00000000c7200000|  0%| F|  |TAMS 0x00000000c7100000, 0x00000000c7100000| Untracked 
|  26|0x00000000c7200000, 0x00000000c7200000, 0x00000000c7300000|  0%| F|  |TAMS 0x00000000c7200000, 0x00000000c7200000| Untracked 
|  27|0x00000000c7300000, 0x00000000c7300000, 0x00000000c7400000|  0%| F|  |TAMS 0x00000000c7300000, 0x00000000c7300000| Untracked 
|  28|0x00000000c7400000, 0x00000000c7400000, 0x00000000c7500000|  0%| F|  |TAMS 0x00000000c7400000, 0x00000000c7400000| Untracked 
|  29|0x00000000c7500000, 0x00000000c7500000, 0x00000000c7600000|  0%| F|  |TAMS 0x00000000c7500000, 0x00000000c7500000| Untracked 
|  30|0x00000000c7600000, 0x00000000c7600000, 0x00000000c7700000|  0%| F|  |TAMS 0x00000000c7600000, 0x00000000c7600000| Untracked 
|  31|0x00000000c7700000, 0x00000000c7700000, 0x00000000c7800000|  0%| F|  |TAMS 0x00000000c7700000, 0x00000000c7700000| Untracked 
|  32|0x00000000c7800000, 0x00000000c7800000, 0x00000000c7900000|  0%| F|  |TAMS 0x00000000c7800000, 0x00000000c7800000| Untracked 
|  33|0x00000000c7900000, 0x00000000c7900000, 0x00000000c7a00000|  0%| F|  |TAMS 0x00000000c7900000, 0x00000000c7900000| Untracked 
|  34|0x00000000c7a00000, 0x00000000c7a00000, 0x00000000c7b00000|  0%| F|  |TAMS 0x00000000c7a00000, 0x00000000c7a00000| Untracked 
|  35|0x00000000c7b00000, 0x00000000c7b00000, 0x00000000c7c00000|  0%| F|  |TAMS 0x00000000c7b00000, 0x00000000c7b00000| Untracked 
|  36|0x00000000c7c00000, 0x00000000c7c00000, 0x00000000c7d00000|  0%| F|  |TAMS 0x00000000c7c00000, 0x00000000c7c00000| Untracked 
|  37|0x00000000c7d00000, 0x00000000c7d00000, 0x00000000c7e00000|  0%| F|  |TAMS 0x00000000c7d00000, 0x00000000c7d00000| Untracked 
|  38|0x00000000c7e00000, 0x00000000c7e00000, 0x00000000c7f00000|  0%| F|  |TAMS 0x00000000c7e00000, 0x00000000c7e00000| Untracked 
|  39|0x00000000c7f00000, 0x00000000c7f00000, 0x00000000c8000000|  0%| F|  |TAMS 0x00000000c7f00000, 0x00000000c7f00000| Untracked 
|  40|0x00000000c8000000, 0x00000000c8000000, 0x00000000c8100000|  0%| F|  |TAMS 0x00000000c8000000, 0x00000000c8000000| Untracked 
|  41|0x00000000c8100000, 0x00000000c8100000, 0x00000000c8200000|  0%| F|  |TAMS 0x00000000c8100000, 0x00000000c8100000| Untracked 
|  42|0x00000000c8200000, 0x00000000c8200000, 0x00000000c8300000|  0%| F|  |TAMS 0x00000000c8200000, 0x00000000c8200000| Untracked 
|  43|0x00000000c8300000, 0x00000000c8300000, 0x00000000c8400000|  0%| F|  |TAMS 0x00000000c8300000, 0x00000000c8300000| Untracked 
|  44|0x00000000c8400000, 0x00000000c8400000, 0x00000000c8500000|  0%| F|  |TAMS 0x00000000c8400000, 0x00000000c8400000| Untracked 
|  45|0x00000000c8500000, 0x00000000c8500000, 0x00000000c8600000|  0%| F|  |TAMS 0x00000000c8500000, 0x00000000c8500000| Untracked 
|  46|0x00000000c8600000, 0x00000000c8600000, 0x00000000c8700000|  0%| F|  |TAMS 0x00000000c8600000, 0x00000000c8600000| Untracked 
|  47|0x00000000c8700000, 0x00000000c8700000, 0x00000000c8800000|  0%| F|  |TAMS 0x00000000c8700000, 0x00000000c8700000| Untracked 
|  48|0x00000000c8800000, 0x00000000c8800000, 0x00000000c8900000|  0%| F|  |TAMS 0x00000000c8800000, 0x00000000c8800000| Untracked 
|  49|0x00000000c8900000, 0x00000000c8900000, 0x00000000c8a00000|  0%| F|  |TAMS 0x00000000c8900000, 0x00000000c8900000| Untracked 
|  50|0x00000000c8a00000, 0x00000000c8a80598, 0x00000000c8b00000| 50%| E|  |TAMS 0x00000000c8a00000, 0x00000000c8a00000| Complete 
|  51|0x00000000c8b00000, 0x00000000c8c00000, 0x00000000c8c00000|100%| E|CS|TAMS 0x00000000c8b00000, 0x00000000c8b00000| Complete 
|  52|0x00000000c8c00000, 0x00000000c8d00000, 0x00000000c8d00000|100%| E|  |TAMS 0x00000000c8c00000, 0x00000000c8c00000| Complete 
|  53|0x00000000c8d00000, 0x00000000c8e00000, 0x00000000c8e00000|100%| E|CS|TAMS 0x00000000c8d00000, 0x00000000c8d00000| Complete 
|  54|0x00000000c8e00000, 0x00000000c8f00000, 0x00000000c8f00000|100%| E|CS|TAMS 0x00000000c8e00000, 0x00000000c8e00000| Complete 
|  55|0x00000000c8f00000, 0x00000000c9000000, 0x00000000c9000000|100%| E|CS|TAMS 0x00000000c8f00000, 0x00000000c8f00000| Complete 
|  56|0x00000000c9000000, 0x00000000c9100000, 0x00000000c9100000|100%| E|CS|TAMS 0x00000000c9000000, 0x00000000c9000000| Complete 
|  57|0x00000000c9100000, 0x00000000c9200000, 0x00000000c9200000|100%| E|CS|TAMS 0x00000000c9100000, 0x00000000c9100000| Complete 
|  58|0x00000000c9200000, 0x00000000c9300000, 0x00000000c9300000|100%| E|CS|TAMS 0x00000000c9200000, 0x00000000c9200000| Complete 
|  59|0x00000000c9300000, 0x00000000c9400000, 0x00000000c9400000|100%| E|CS|TAMS 0x00000000c9300000, 0x00000000c9300000| Complete 

Card table byte_map: [0x0000026239eb0000,0x000002623a090000] _byte_map_base: 0x0000026239884000

Marking Bits (Prev, Next): (CMBitMap*) 0x000002622d0f9bb0, (CMBitMap*) 0x000002622d0f9bf0
 Prev Bits: [0x000002623a270000, 0x000002623b110000)
 Next Bits: [0x000002623b110000, 0x000002623bfb0000)

Polling page: 0x000002622cdb0000

Metaspace:

Usage:
  Non-class:      5.75 MB used.
      Class:    550.68 KB used.
       Both:      6.29 MB used.

Virtual space:
  Non-class space:       64.00 MB reserved,       5.81 MB (  9%) committed,  1 nodes.
      Class space:        1.00 GB reserved,     576.00 KB ( <1%) committed,  1 nodes.
             Both:        1.06 GB reserved,       6.38 MB ( <1%) committed. 

Chunk freelists:
   Non-Class:  10.12 MB
       Class:  15.25 MB
        Both:  25.37 MB

MaxMetaspaceSize: unlimited
CompressedClassSpaceSize: 1.00 GB
Initial GC threshold: 21.00 MB
Current GC threshold: 21.00 MB
CDS: off
MetaspaceReclaimPolicy: balanced
 - commit_granule_bytes: 65536.
 - commit_granule_words: 8192.
 - virtual_space_node_default_size: 8388608.
 - enlarge_chunks_in_place: 1.
 - new_chunks_are_fully_committed: 0.
 - uncommit_free_chunks: 1.
 - use_allocation_guard: 0.
 - handle_deallocations: 1.


Internal statistics:

num_allocs_failed_limit: 0.
num_arena_births: 4.
num_arena_deaths: 0.
num_vsnodes_births: 2.
num_vsnodes_deaths: 0.
num_space_committed: 102.
num_space_uncommitted: 0.
num_chunks_returned_to_freelist: 0.
num_chunks_taken_from_freelist: 16.
num_chunk_merges: 0.
num_chunk_splits: 5.
num_chunks_enlarged: 1.
num_inconsistent_stats: 0.

CodeCache: size=49152Kb used=1547Kb max_used=1547Kb free=47604Kb
 bounds [0x0000026236220000, 0x0000026236490000, 0x0000026239220000]
 total_blobs=733 nmethods=376 adapters=285
 compilation: enabled
              stopped_count=0, restarted_count=0
 full_count=0

Compilation events (20 events):
Event: 10.138 Thread 0x0000026243013bb0  369   !   1       java.io.BufferedReader::readLine (327 bytes)
Event: 10.139 Thread 0x0000026243013bb0 nmethod 369 0x000002623639f190 code [0x000002623639f420, 0x000002623639ff08]
Event: 10.139 Thread 0x0000026243013bb0  367       1       java.lang.String::<init> (74 bytes)
Event: 10.139 Thread 0x0000026243013bb0 nmethod 367 0x00000262363a0990 code [0x00000262363a0b60, 0x00000262363a0f58]
Event: 10.139 Thread 0x0000026243013bb0  368       1       java.lang.StringUTF16::compress (20 bytes)
Event: 10.139 Thread 0x0000026243013bb0 nmethod 368 0x00000262363a1110 code [0x00000262363a12c0, 0x00000262363a1468]
Event: 10.139 Thread 0x0000026243013bb0  370       1       java.lang.String::<init> (14 bytes)
Event: 10.139 Thread 0x0000026243013bb0 nmethod 370 0x00000262363a1510 code [0x00000262363a16c0, 0x00000262363a17f8]
Event: 10.139 Thread 0x0000026243013bb0  371       1       java.lang.String::rangeCheck (9 bytes)
Event: 10.139 Thread 0x0000026243013bb0 nmethod 371 0x00000262363a1910 code [0x00000262363a1ac0, 0x00000262363a1ba8]
Event: 10.139 Thread 0x0000026243013bb0  372       1       jdk.internal.util.jar.JarIndex::addToList (59 bytes)
Event: 10.139 Thread 0x0000026243013bb0 nmethod 372 0x00000262363a1c90 code [0x00000262363a1e80, 0x00000262363a2198]
Event: 10.139 Thread 0x0000026243013bb0  373       1       java.util.LinkedList::add (7 bytes)
Event: 10.139 Thread 0x0000026243013bb0 nmethod 373 0x00000262363a2390 code [0x00000262363a2520, 0x00000262363a2608]
Event: 10.142 Thread 0x0000026243013bb0  374       1       java.io.InputStream::<init> (5 bytes)
Event: 10.142 Thread 0x0000026243013bb0 nmethod 374 0x00000262363a2690 code [0x00000262363a2820, 0x00000262363a28d8]
Event: 10.142 Thread 0x0000026243013bb0  375       1       java.lang.StringBuilder::<init> (6 bytes)
Event: 10.142 Thread 0x0000026243013bb0 nmethod 375 0x00000262363a2990 code [0x00000262363a2b20, 0x00000262363a2c08]
Event: 10.157 Thread 0x0000026243013bb0  376       1       java.net.URL::getPort (5 bytes)
Event: 10.158 Thread 0x0000026243013bb0 nmethod 376 0x00000262363a2c90 code [0x00000262363a2e20, 0x00000262363a2ef8]

GC Heap History (0 events):
No events

Dll operation events (6 events):
Event: 0.347 Loaded shared library C:\Program Files\Eclipse Adoptium\jdk-17.0.18.8-hotspot\bin\java.dll
Event: 1.906 Loaded shared library C:\Program Files\Eclipse Adoptium\jdk-17.0.18.8-hotspot\bin\jsvml.dll
Event: 5.242 Loaded shared library C:\Program Files\Eclipse Adoptium\jdk-17.0.18.8-hotspot\bin\jimage.dll
Event: 5.366 Loaded shared library C:\Program Files\Eclipse Adoptium\jdk-17.0.18.8-hotspot\bin\net.dll
Event: 5.400 Loaded shared library C:\Program Files\Eclipse Adoptium\jdk-17.0.18.8-hotspot\bin\nio.dll
Event: 6.452 Loaded shared library C:\Program Files\Eclipse Adoptium\jdk-17.0.18.8-hotspot\bin\zip.dll

Deoptimization events (0 events):
No events

Classes loaded (20 events):
Event: 6.545 Loading class java/util/TreeMap$KeySet done
Event: 6.545 Loading class java/util/TreeMap$KeyIterator
Event: 6.545 Loading class java/util/TreeMap$PrivateEntryIterator
Event: 6.549 Loading class java/util/TreeMap$PrivateEntryIterator done
Event: 6.549 Loading class java/util/TreeMap$KeyIterator done
Event: 6.551 Loading class java/util/jar/Attributes
Event: 6.554 Loading class java/util/jar/Attributes done
Event: 6.554 Loading class java/util/jar/Manifest$FastInputStream
Event: 6.557 Loading class java/util/jar/Manifest$FastInputStream done
Event: 6.557 Loading class java/io/ByteArrayOutputStream
Event: 6.560 Loading class java/io/ByteArrayOutputStream done
Event: 6.561 Loading class java/util/jar/Attributes$Name
Event: 6.562 Loading class java/util/jar/Attributes$Name done
Event: 10.188 Loading class java/util/concurrent/CopyOnWriteArrayList$COWIterator
Event: 10.189 Loading class java/util/concurrent/CopyOnWriteArrayList$COWIterator done
Event: 10.189 Loading class sun/util/logging/internal/LoggingProviderImpl
Event: 10.189 Loading class sun/util/logging/internal/LoggingProviderImpl done
Event: 10.189 Loading class sun/util/logging/internal/LoggingProviderImpl$LogManagerAccess
Event: 10.189 Loading class sun/util/logging/internal/LoggingProviderImpl$LogManagerAccess done
Event: 10.189 Loading class java/util/ServiceLoader$1

Classes unloaded (0 events):
No events

Classes redefined (0 events):
No events

Internal exceptions (0 events):
No events

VM Operations (15 events):
Event: 2.921 Executing VM operation: Cleanup
Event: 2.923 Executing VM operation: Cleanup done
Event: 3.933 Executing VM operation: Cleanup
Event: 4.088 Executing VM operation: Cleanup done
Event: 5.187 Executing VM operation: HandshakeAllThreads
Event: 5.187 Executing VM operation: HandshakeAllThreads done
Event: 5.187 Executing VM operation: Cleanup
Event: 5.188 Executing VM operation: Cleanup done
Event: 6.188 Executing VM operation: Cleanup
Event: 6.439 Executing VM operation: Cleanup done
Event: 7.444 Executing VM operation: Cleanup
Event: 7.444 Executing VM operation: Cleanup done
Event: 8.447 Executing VM operation: Cleanup
Event: 8.447 Executing VM operation: Cleanup done
Event: 10.449 Executing VM operation: Cleanup

Memory protections (0 events):
No events

Nmethod flushes (0 events):
No events

Events (11 events):
Event: 1.909 Thread 0x000002622d0be460 Thread added: 0x000002622d0be460
Event: 1.965 Thread 0x000002622d0be460 Thread added: 0x000002623ec1b020
Event: 1.966 Thread 0x000002622d0be460 Thread added: 0x000002623ec1d900
Event: 2.257 Thread 0x000002622d0be460 Thread added: 0x000002623ec4d6b0
Event: 2.257 Thread 0x000002622d0be460 Thread added: 0x000002623ec4df80
Event: 2.257 Thread 0x000002622d0be460 Thread added: 0x000002623ec4e850
Event: 2.258 Thread 0x000002622d0be460 Thread added: 0x00000262430132e0
Event: 2.258 Thread 0x000002622d0be460 Thread added: 0x0000026243013bb0
Event: 2.258 Thread 0x000002622d0be460 Thread added: 0x00000262430144c0
Event: 4.137 Thread 0x000002622d0be460 Thread added: 0x000002623eb83b40
Event: 5.202 Thread 0x000002622d0be460 Thread added: 0x00000262431d4410


Dynamic libraries:
0x00007ff7837d0000 - 0x00007ff7837de000 	C:\Program Files\Eclipse Adoptium\jdk-17.0.18.8-hotspot\bin\javaw.exe
0x00007ffccd2e0000 - 0x00007ffccd546000 	C:\WINDOWS\SYSTEM32\ntdll.dll
0x00007ffccc470000 - 0x00007ffccc539000 	C:\WINDOWS\System32\KERNEL32.DLL
0x00007ffcca960000 - 0x00007ffccad5a000 	C:\WINDOWS\System32\KERNELBASE.dll
0x00007ffcca6e0000 - 0x00007ffcca82c000 	C:\WINDOWS\System32\ucrtbase.dll
0x00007ffcbe880000 - 0x00007ffcbe89e000 	C:\Program Files\Eclipse Adoptium\jdk-17.0.18.8-hotspot\bin\VCRUNTIME140.dll
0x00007ffcbe8a0000 - 0x00007ffcbe8b8000 	C:\Program Files\Eclipse Adoptium\jdk-17.0.18.8-hotspot\bin\jli.dll
0x00007ffccba40000 - 0x00007ffccbc07000 	C:\WINDOWS\System32\USER32.dll
0x00007ffccaee0000 - 0x00007ffccaf07000 	C:\WINDOWS\System32\win32u.dll
0x00007ffca2a70000 - 0x00007ffca2d02000 	C:\WINDOWS\WinSxS\amd64_microsoft.windows.common-controls_6595b64144ccf1df_6.0.26100.8521_none_3e08b75ce33403b3\COMCTL32.dll
0x00007ffccc570000 - 0x00007ffccc59b000 	C:\WINDOWS\System32\GDI32.dll
0x00007ffccccc0000 - 0x00007ffcccd69000 	C:\WINDOWS\System32\msvcrt.dll
0x00007ffcca830000 - 0x00007ffcca95b000 	C:\WINDOWS\System32\gdi32full.dll
0x00007ffcca630000 - 0x00007ffcca6d3000 	C:\WINDOWS\System32\msvcp_win.dll
0x00007ffcccb20000 - 0x00007ffcccb52000 	C:\WINDOWS\System32\IMM32.DLL
0x00007ffcbe390000 - 0x00007ffcbe39c000 	C:\Program Files\Eclipse Adoptium\jdk-17.0.18.8-hotspot\bin\vcruntime140_1.dll
0x00007ffc984d0000 - 0x00007ffc9855d000 	C:\Program Files\Eclipse Adoptium\jdk-17.0.18.8-hotspot\bin\msvcp140.dll
0x00007ffc12640000 - 0x00007ffc132ab000 	C:\Program Files\Eclipse Adoptium\jdk-17.0.18.8-hotspot\bin\server\jvm.dll
0x00007ffccb2c0000 - 0x00007ffccb376000 	C:\WINDOWS\System32\ADVAPI32.dll
0x00007ffccb6b0000 - 0x00007ffccb75a000 	C:\WINDOWS\System32\sechost.dll
0x00007ffccd180000 - 0x00007ffccd298000 	C:\WINDOWS\System32\RPCRT4.dll
0x00007ffccca90000 - 0x00007ffcccb10000 	C:\WINDOWS\System32\WS2_32.dll
0x00007ffcaf2d0000 - 0x00007ffcaf2db000 	C:\WINDOWS\SYSTEM32\VERSION.dll
0x00007ffcc02a0000 - 0x00007ffcc02d6000 	C:\WINDOWS\SYSTEM32\WINMM.dll
0x00007ffcca3d0000 - 0x00007ffcca42e000 	C:\WINDOWS\SYSTEM32\POWRPROF.dll
0x00007ffcca3b0000 - 0x00007ffcca3c4000 	C:\WINDOWS\SYSTEM32\UMPDC.dll
0x00007ffcc9300000 - 0x00007ffcc931b000 	C:\WINDOWS\SYSTEM32\kernel.appcore.dll
0x00007ffcbe380000 - 0x00007ffcbe38a000 	C:\Program Files\Eclipse Adoptium\jdk-17.0.18.8-hotspot\bin\jimage.dll
0x00007ffcc7db0000 - 0x00007ffcc7ff2000 	C:\WINDOWS\SYSTEM32\DBGHELP.DLL
0x00007ffcccdf0000 - 0x00007ffccd173000 	C:\WINDOWS\System32\combase.dll
0x00007ffccb1e0000 - 0x00007ffccb2b9000 	C:\WINDOWS\System32\OLEAUT32.dll
0x00007ffc9afc0000 - 0x00007ffc9affb000 	C:\WINDOWS\SYSTEM32\dbgcore.DLL
0x00007ffccaf10000 - 0x00007ffccafb8000 	C:\WINDOWS\System32\bcryptPrimitives.dll
0x00007ffcbe2c0000 - 0x00007ffcbe2e5000 	C:\Program Files\Eclipse Adoptium\jdk-17.0.18.8-hotspot\bin\java.dll
0x00007ffc983f0000 - 0x00007ffc984c7000 	C:\Program Files\Eclipse Adoptium\jdk-17.0.18.8-hotspot\bin\jsvml.dll
0x00007ffccbc20000 - 0x00007ffccc3a4000 	C:\WINDOWS\System32\SHELL32.dll
0x00007ffcc8100000 - 0x00007ffcc8980000 	C:\WINDOWS\SYSTEM32\windows.storage.dll
0x00007ffccb940000 - 0x00007ffccba36000 	C:\WINDOWS\System32\SHCORE.dll
0x00007ffccb0f0000 - 0x00007ffccb157000 	C:\WINDOWS\System32\shlwapi.dll
0x00007ffcca490000 - 0x00007ffcca4b9000 	C:\WINDOWS\SYSTEM32\profapi.dll
0x00007ffcbde90000 - 0x00007ffcbdeaa000 	C:\Program Files\Eclipse Adoptium\jdk-17.0.18.8-hotspot\bin\net.dll
0x00007ffcaf490000 - 0x00007ffcaf5b9000 	C:\WINDOWS\SYSTEM32\WINHTTP.dll
0x00007ffcc9870000 - 0x00007ffcc98dc000 	C:\WINDOWS\system32\mswsock.dll
0x00007ffcbde70000 - 0x00007ffcbde86000 	C:\Program Files\Eclipse Adoptium\jdk-17.0.18.8-hotspot\bin\nio.dll
0x00007ffcbdd30000 - 0x00007ffcbdd48000 	C:\Program Files\Eclipse Adoptium\jdk-17.0.18.8-hotspot\bin\zip.dll

dbghelp: loaded successfully - version: 4.0.5 - missing functions: none
symbol engine: initialized successfully - sym options: 0x614 - pdb path: .;C:\Program Files\Eclipse Adoptium\jdk-17.0.18.8-hotspot\bin;C:\WINDOWS\SYSTEM32;C:\WINDOWS\WinSxS\amd64_microsoft.windows.common-controls_6595b64144ccf1df_6.0.26100.8521_none_3e08b75ce33403b3;C:\Program Files\Eclipse Adoptium\jdk-17.0.18.8-hotspot\bin\server

VM Arguments:
jvm_args: -Dcom.sun.management.jmxremote -Dcom.sun.management.jmxremote.port=57822 -Dcom.sun.management.jmxremote.authenticate=false -Dcom.sun.management.jmxremote.ssl=false -Djava.rmi.server.hostname=localhost -Dspring.jmx.enabled=true -Dmanagement.endpoints.jmx.exposure.include=* -Dspring.application.admin.enabled=true -Dspring.output.ansi.enabled=always -XX:TieredStopAtLevel=1 -Dspring.boot.project.name=inventory-service -Dfile.encoding=UTF-8 -Dstdout.encoding=UTF-8 -Dstderr.encoding=UTF-8 -XX:+ShowCodeDetailsInExceptionMessages 
java_command: com.company.inventoryservice.InventoryServiceApplication
java_class_path (initial): C:\Users\swath\Downloads\inventory-service\inventory-service\target\classes;C:\Users\swath\.m2\repository\org\springframework\boot\spring-boot-starter-data-jpa\3.5.15\spring-boot-starter-data-jpa-3.5.15.jar;C:\Users\swath\.m2\repository\org\springframework\boot\spring-boot-starter\3.5.15\spring-boot-starter-3.5.15.jar;C:\Users\swath\.m2\repository\org\springframework\boot\spring-boot\3.5.15\spring-boot-3.5.15.jar;C:\Users\swath\.m2\repository\org\springframework\boot\spring-boot-autoconfigure\3.5.15\spring-boot-autoconfigure-3.5.15.jar;C:\Users\swath\.m2\repository\org\springframework\boot\spring-boot-starter-logging\3.5.15\spring-boot-starter-logging-3.5.15.jar;C:\Users\swath\.m2\repository\ch\qos\logback\logback-classic\1.5.34\logback-classic-1.5.34.jar;C:\Users\swath\.m2\repository\ch\qos\logback\logback-core\1.5.34\logback-core-1.5.34.jar;C:\Users\swath\.m2\repository\org\apache\logging\log4j\log4j-to-slf4j\2.24.3\log4j-to-slf4j-2.24.3.jar;C:\Users\swath\.m2\repository\org\apache\logging\log4j\log4j-api\2.24.3\log4j-api-2.24.3.jar;C:\Users\swath\.m2\repository\org\slf4j\jul-to-slf4j\2.0.18\jul-to-slf4j-2.0.18.jar;C:\Users\swath\.m2\repository\jakarta\annotation\jakarta.annotation-api\2.1.1\jakarta.annotation-api-2.1.1.jar;C:\Users\swath\.m2\repository\org\yaml\snakeyaml\2.4\snakeyaml-2.4.jar;C:\Users\swath\.m2\repository\org\springframework\boot\spring-boot-starter-jdbc\3.5.15\spring-boot-starter-jdbc-3.5.15.jar;C:\Users\swath\.m2\repository\com\zaxxer\HikariCP\6.3.3\HikariCP-6.3.3.jar;C:\Users\swath\.m2\repository\org\springframework\spring-jdbc\6.2.19\spring-jdbc-6.2.19.jar;C:\Users\swath\.m2\repository\org\hibernate\orm\hibernate-core\6.6.53.Final\hibernate-core-6.6.53.Final.jar;C:\Users\swath\.m2\repository\jakarta\persistence\jakarta.persistence-api\3.1.0\jakarta.persistence-api-3.1.0.jar;C:\Users\swath\.m2\repository\jakarta\transaction\jakarta.transaction-api\2.0.1\jakarta.transaction-api-2.0.1.jar;C:\Users\swath\.m2\repositor
Launcher Type: SUN_STANDARD

[Global flags]
     intx CICompilerCount                          = 4                                         {product} {ergonomic}
     uint ConcGCThreads                            = 3                                         {product} {ergonomic}
     uint G1ConcRefinementThreads                  = 10                                        {product} {ergonomic}
   size_t G1HeapRegionSize                         = 1048576                                   {product} {ergonomic}
    uintx GCDrainStackTargetSize                   = 64                                        {product} {ergonomic}
   size_t InitialHeapSize                          = 62914560                                  {product} {ergonomic}
     bool ManagementServer                         = true                                      {product} {command line}
   size_t MarkStackSize                            = 4194304                                   {product} {ergonomic}
   size_t MaxHeapSize                              = 981467136                                 {product} {ergonomic}
   size_t MaxNewSize                               = 588251136                                 {product} {ergonomic}
   size_t MinHeapDeltaBytes                        = 1048576                                   {product} {ergonomic}
   size_t MinHeapSize                              = 8388608                                   {product} {ergonomic}
    uintx NonProfiledCodeHeapSize                  = 0                                      {pd product} {ergonomic}
     bool ProfileInterpreter                       = false                                  {pd product} {command line}
    uintx ProfiledCodeHeapSize                     = 0                                      {pd product} {ergonomic}
     bool ShowCodeDetailsInExceptionMessages       = true                                   {manageable} {command line}
   size_t SoftMaxHeapSize                          = 981467136                              {manageable} {ergonomic}
     intx TieredStopAtLevel                        = 1                                         {product} {command line}
     bool UseCompressedClassPointers               = true                           {product lp64_product} {ergonomic}
     bool UseCompressedOops                        = true                           {product lp64_product} {ergonomic}
     bool UseG1GC                                  = true                                      {product} {ergonomic}
     bool UseLargePagesIndividualAllocation        = false                                  {pd product} {ergonomic}

Logging:
Log output configuration:
 #0: stdout all=warning uptime,level,tags
 #1: stderr all=off uptime,level,tags

Environment Variables:
PATH=C:/Users/swath/.p2/pool/plugins/org.eclipse.justj.openjdk.hotspot.jre.full.win32.x86_64_21.0.10.v20260205-0638/jre/bin/server;C:/Users/swath/.p2/pool/plugins/org.eclipse.justj.openjdk.hotspot.jre.full.win32.x86_64_21.0.10.v20260205-0638/jre/bin;C:\Program Files\Eclipse Adoptium\jdk-17.0.18.8-hotspot\bin;C:\Program Files\Common Files\Oracle\Java\javapath;C:\WINDOWS\system32;C:\WINDOWS;C:\WINDOWS\System32\Wbem;C:\WINDOWS\System32\WindowsPowerShell\v1.0\;C:\WINDOWS\System32\OpenSSH\;C:\Program Files\Java\jdk-25.0.2\bin;C:\Program Files\MySQL\MySQL Server 8.0\bin;C:\Program Files\Git\cmd;C:\Program Files\MySQL\MySQL Shell 8.0\bin\;C:\Users\swath\AppData\Local\Microsoft\WindowsApps;;C:\Users\swath\OneDrive\Desktop;
USERNAME=swath
OS=Windows_NT
PROCESSOR_IDENTIFIER=Intel64 Family 6 Model 186 Stepping 3, GenuineIntel
TMP=C:\Users\swath\AppData\Local\Temp
TEMP=C:\Users\swath\AppData\Local\Temp



Periodic native trim disabled


---------------  S Y S T E M  ---------------

OS:
 Windows 11 , 64 bit Build 26100 (10.0.26100.8521)
OS uptime: 3 days 9:20 hours
Hyper-V role detected

CPU: total 12 (initial active 12) (6 cores per cpu, 2 threads per core) family 6 model 186 stepping 3 microcode 0x6134, cx8, cmov, fxsr, ht, mmx, 3dnowpref, sse, sse2, sse3, ssse3, sse4.1, sse4.2, popcnt, lzcnt, tsc, tscinvbit, avx, avx2, aes, erms, clmul, bmi1, bmi2, adx, sha, fma, vzeroupper, clflush, clflushopt, clwb, hv
Processor Information for all 12 processors :
  Max Mhz: 1300, Current Mhz: 1300, Mhz Limit: 1300

Memory: 4k page, system-wide physical 3739M (322M free)
TotalPageFile size 15003M (AvailPageFile size 0M)
current process WorkingSet (physical memory assigned to process): 39M, peak: 39M
current process commit charge ("private bytes"): 138M, peak: 138M

vm_info: OpenJDK 64-Bit Server VM (17.0.18+8) for windows-amd64 JRE (17.0.18+8), built on Jan 20 2026 22:28:22 by "admin" with MS VC++ 17.12 (VS2022)

END.
