#
# There is insufficient memory for the Java Runtime Environment to continue.
# Native memory allocation (mmap) failed to map 65536 bytes. Error detail: Failed to commit metaspace.
# Possible reasons:
#   The system is out of physical RAM or swap space
#   This process is running with CompressedOops enabled, and the Java Heap may be blocking the growth of the native heap
# Possible solutions:
#   Reduce memory load on the system
#   Increase physical memory or swap space
#   Check if swap backing store is full
#   Decrease Java heap size (-Xmx/-Xms)
#   Decrease number of Java threads
#   Decrease Java thread stack sizes (-Xss)
#   Set larger code cache with -XX:ReservedCodeCacheSize=
#   JVM is running with Unscaled Compressed Oops mode in which the Java heap is
#     placed in the first 4GB address space. The Java Heap base address is the
#     maximum limit for the native heap growth. Please use -XX:HeapBaseMinAddress
#     to set the Java Heap base and to place the Java Heap above 4GB virtual address.
# This output file may be truncated or incomplete.
#
#  Out of Memory Error (virtualSpaceNode.cpp:110), pid=25988, tid=21688
#
# JRE version: OpenJDK Runtime Environment Temurin-17.0.18+8 (17.0.18+8) (build 17.0.18+8)
# Java VM: OpenJDK 64-Bit Server VM Temurin-17.0.18+8 (17.0.18+8, mixed mode, emulated-client, sharing, tiered, compressed oops, compressed class ptrs, g1 gc, windows-amd64)
# No core dump will be written. Minidumps are not enabled by default on client versions of Windows
#

---------------  S U M M A R Y ------------

Command Line: -Dcom.sun.management.jmxremote -Dcom.sun.management.jmxremote.port=59206 -Dcom.sun.management.jmxremote.authenticate=false -Dcom.sun.management.jmxremote.ssl=false -Djava.rmi.server.hostname=localhost -Dspring.jmx.enabled=true -Dmanagement.endpoints.jmx.exposure.include=* -Dspring.application.admin.enabled=true -Dspring.output.ansi.enabled=always -XX:TieredStopAtLevel=1 -Dspring.boot.project.name=service-registry -Dfile.encoding=UTF-8 -Dstdout.encoding=UTF-8 -Dstderr.encoding=UTF-8 -XX:+ShowCodeDetailsInExceptionMessages com.company.registry.ServiceRegistryApplication

Host: 13th Gen Intel(R) Core(TM) i5-1335U, 12 cores, 3G,  Windows 11 , 64 bit Build 26100 (10.0.26100.8737)
Time: Tue Jun 30 11:23:18 2026 India Standard Time elapsed time: 9.550852 seconds (0d 0h 0m 9s)

---------------  T H R E A D  ---------------

Current thread (0x00000185801056a0):  JavaThread "background-preinit" [_thread_in_vm, id=21688, stack(0x00000001f3e00000,0x00000001f3f00000)]

Stack: [0x00000001f3e00000,0x00000001f3f00000]
Native frames: (J=compiled Java code, j=interpreted, Vv=VM code, C=native code)
V  [jvm.dll+0x6846f9]
V  [jvm.dll+0x839ea5]
V  [jvm.dll+0x83b91e]
V  [jvm.dll+0x83bfa3]
V  [jvm.dll+0x248eff]
V  [jvm.dll+0x835c8d]
V  [jvm.dll+0x6291fd]
V  [jvm.dll+0x1c0710]
V  [jvm.dll+0x62bb72]
V  [jvm.dll+0x629bb6]
V  [jvm.dll+0x23cb10]
V  [jvm.dll+0x633a45]
V  [jvm.dll+0x1ea5d1]
V  [jvm.dll+0x1eaa55]
V  [jvm.dll+0x1eb407]
V  [jvm.dll+0x1e08d1]
V  [jvm.dll+0x548119]
V  [jvm.dll+0x7b4b68]
V  [jvm.dll+0x7b4c64]
V  [jvm.dll+0x414bb4]
V  [jvm.dll+0x41b619]
C  [java.dll+0x17ec]

Java frames: (J=compiled Java code, j=interpreted, Vv=VM code)
J 1063  java.lang.ClassLoader.defineClass1(Ljava/lang/ClassLoader;Ljava/lang/String;[BIILjava/security/ProtectionDomain;Ljava/lang/String;)Ljava/lang/Class; java.base@17.0.18 (0 bytes) @ 0x00000185b0b98b83 [0x00000185b0b98ac0+0x00000000000000c3]
J 1358 c1 java.lang.ClassLoader.defineClass(Ljava/lang/String;[BIILjava/security/ProtectionDomain;)Ljava/lang/Class; java.base@17.0.18 (43 bytes) @ 0x00000185b0c19a5c [0x00000185b0c19960+0x00000000000000fc]
J 1285 c1 jdk.internal.loader.BuiltinClassLoader.defineClass(Ljava/lang/String;Ljdk/internal/loader/Resource;)Ljava/lang/Class; java.base@17.0.18 (121 bytes) @ 0x00000185b0bf94e4 [0x00000185b0bf9020+0x00000000000004c4]
J 1284 c1 jdk.internal.loader.BuiltinClassLoader.findClassOnClassPathOrNull(Ljava/lang/String;)Ljava/lang/Class; java.base@17.0.18 (64 bytes) @ 0x00000185b0bf845c [0x00000185b0bf81a0+0x00000000000002bc]
J 1001 c1 jdk.internal.loader.BuiltinClassLoader.loadClassOrNull(Ljava/lang/String;Z)Ljava/lang/Class; java.base@17.0.18 (143 bytes) @ 0x00000185b0b7cbdc [0x00000185b0b7c780+0x000000000000045c]
J 1098 c1 jdk.internal.loader.ClassLoaders$AppClassLoader.loadClass(Ljava/lang/String;Z)Ljava/lang/Class; java.base@17.0.18 (40 bytes) @ 0x00000185b0ba99c4 [0x00000185b0ba9880+0x0000000000000144]
J 1095 c1 java.lang.ClassLoader.loadClass(Ljava/lang/String;)Ljava/lang/Class; java.base@17.0.18 (7 bytes) @ 0x00000185b0ba8e04 [0x00000185b0ba8dc0+0x0000000000000044]
v  ~StubRoutines::call_stub
j  com.fasterxml.jackson.databind.SerializerProvider.<clinit>()V+0
v  ~StubRoutines::call_stub
j  com.fasterxml.jackson.databind.ObjectMapper.<init>(Lcom/fasterxml/jackson/core/JsonFactory;Lcom/fasterxml/jackson/databind/ser/DefaultSerializerProvider;Lcom/fasterxml/jackson/databind/deser/DefaultDeserializationContext;)V+237
j  com.fasterxml.jackson.databind.ObjectMapper.<init>()V+4
j  org.springframework.http.converter.json.Jackson2ObjectMapperBuilder.build()Lcom/fasterxml/jackson/databind/ObjectMapper;+81
j  org.springframework.http.converter.json.MappingJackson2HttpMessageConverter.<init>()V+4
j  org.springframework.http.converter.support.AllEncompassingFormHttpMessageConverter.<init>()V+55
j  org.springframework.boot.autoconfigure.BackgroundPreinitializer$MessageConverterInitializer.run()V+4
j  org.springframework.boot.autoconfigure.BackgroundPreinitializer$1.runSafely(Ljava/lang/Runnable;)Z+1
j  org.springframework.boot.autoconfigure.BackgroundPreinitializer$1.run()V+32
j  java.lang.Thread.run()V+11 java.base@17.0.18
v  ~StubRoutines::call_stub

Compiled method (n/a) 9605 1063     n 0       java.lang.ClassLoader::defineClass1 (native)
 total in heap  [0x00000185b0b98910,0x00000185b0b98e10] = 1280
 relocation     [0x00000185b0b98a70,0x00000185b0b98aa8] = 56
 main code      [0x00000185b0b98ac0,0x00000185b0b98e10] = 848

[Constant Pool (empty)]

[MachCode]
[Entry Point]
  # {method} {0x00000185ba010f18} 'defineClass1' '(Ljava/lang/ClassLoader;Ljava/lang/String;[BIILjava/security/ProtectionDomain;Ljava/lang/String;)Ljava/lang/Class;' in 'java/lang/ClassLoader'
  # parm0:    rdx:rdx   = 'java/lang/ClassLoader'
  # parm1:    r8:r8     = 'java/lang/String'
  # parm2:    r9:r9     = '[B'
  # parm3:    rdi       = int
  # parm4:    rsi       = int
  # parm5:    rcx:rcx   = 'java/security/ProtectionDomain'
  # parm6:    [sp+0xa0]   = 'java/lang/String'  (sp of caller)
  0x00000185b0b98ac0: 448b 5208 | 49bb 0000 | 00ba 8501 | 0000 4d03 | d349 3bc2 | 0f84 0600 

  0x00000185b0b98ad8: ;   {runtime_call ic_miss_stub}
  0x00000185b0b98ad8: 0000 e9a1 | 85dc ff90 
[Verified Entry Point]
  0x00000185b0b98ae0: 8984 2400 | 90ff ff55 | 488b ec48 | 81ec 9000 | 0000 4881 | 7d10 0000 | 0000 488d | 4510 480f 
  0x00000185b0b98b00: 4445 1048 | 8944 2440 | 4889 4c24 | 7048 83f9 | 0048 8d44 | 2470 480f | 4444 2470 | 4889 4424 
  0x00000185b0b98b20: 3848 8974 | 2430 4889 | 7c24 284c | 894c 2458 | 4983 f900 | 488d 4424 | 5848 0f44 | 4424 5848 
  0x00000185b0b98b40: 8944 2420 | 4c89 4424 | 5049 83f8 | 004c 8d4c | 2450 4c0f | 444c 2450 | 4889 5424 | 4848 83fa 
  0x00000185b0b98b60: 004c 8d44 | 2448 4c0f | 4444 2448 

  0x00000185b0b98b6c: ;   {oop(a 'java/lang/Class'{0x00000000c5fca528} = 'java/lang/ClassLoader')}
  0x00000185b0b98b6c: 49be 28a5 | fcc5 0000 | 0000 4c89 | 7424 784c | 8d74 2478 | 498b d6c5 

  0x00000185b0b98b84: ;   {internal_word}
  0x00000185b0b98b84: f877 49ba | 838b b9b0 | 8501 0000 | 4d89 97a0 | 0200 0049 | 89a7 9802 

  0x00000185b0b98b9c: ;   {external_word}
  0x00000185b0b98b9c: 0000 49ba | d5c6 497e | fd7f 0000 | 4180 3a00 | 0f84 5200 | 0000 5241 

  0x00000185b0b98bb4: ;   {metadata({method} {0x00000185ba010f18} 'defineClass1' '(Ljava/lang/ClassLoader;Ljava/lang/String;[BIILjava/security/ProtectionDomain;Ljava/lang/String;)Ljava/lang/Class;' in 'java/lang/ClassLoader')}
  0x00000185b0b98bb4: 5041 5148 | ba10 0f01 | ba85 0100 | 0049 8bcf | 4883 ec20 | f7c4 0f00 | 0000 0f84 | 1a00 0000 
  0x00000185b0b98bd4: 4883 ec08 

  0x00000185b0b98bd8: ;   {runtime_call}
  0x00000185b0b98bd8: 49ba 50a0 | ff7d fd7f | 0000 41ff | d248 83c4 | 08e9 0d00 

  0x00000185b0b98bec: ;   {runtime_call}
  0x00000185b0b98bec: 0000 49ba | 50a0 ff7d | fd7f 0000 | 41ff d248 | 83c4 2041 | 5941 585a | 498d 8fb8 | 0200 0041 
  0x00000185b0b98c0c: c787 4003 | 0000 0400 

  0x00000185b0b98c14: ;   {runtime_call}
  0x00000185b0b98c14: 0000 49ba | ac16 9f53 | fe7f 0000 | 41ff d2c5 | f877 41c7 | 8740 0300 | 0005 0000 | 00f0 8344 
  0x00000185b0b98c34: 24c0 0049 | 3baf 4803 | 0000 0f87 | 1100 0000 | 4181 bf30 | 0300 0000 | 0000 000f | 842c 0000 
  0x00000185b0b98c54: 00c5 f877 | 4889 45f8 | 498b cf4c | 8be4 4883 | ec20 4883 

  0x00000185b0b98c68: ;   {runtime_call}
  0x00000185b0b98c68: e4f0 49ba | a0af 0f7e | fd7f 0000 | 41ff d249 | 8be4 4d33 | e448 8b45 | f841 c787 | 4003 0000 
  0x00000185b0b98c88: 0800 0000 | 4181 bfb0 | 0300 0002 | 0000 000f | 843f 0100 

  0x00000185b0b98c9c: ;   {external_word}
  0x00000185b0b98c9c: 0049 bad5 | c649 7efd | 7f00 0041 | 803a 000f | 8450 0000 | 0048 8945 

  0x00000185b0b98cb4: ;   {metadata({method} {0x00000185ba010f18} 'defineClass1' '(Ljava/lang/ClassLoader;Ljava/lang/String;[BIILjava/security/ProtectionDomain;Ljava/lang/String;)Ljava/lang/Class;' in 'java/lang/ClassLoader')}
  0x00000185b0b98cb4: f848 ba10 | 0f01 ba85 | 0100 0049 | 8bcf 4883 | ec20 f7c4 | 0f00 0000 | 0f84 1a00 | 0000 4883 
  0x00000185b0b98cd4: ;   {runtime_call}
  0x00000185b0b98cd4: ec08 49ba | 50a0 ff7d | fd7f 0000 | 41ff d248 | 83c4 08e9 | 0d00 0000 

  0x00000185b0b98cec: ;   {runtime_call}
  0x00000185b0b98cec: 49ba 50a0 | ff7d fd7f | 0000 41ff | d248 83c4 | 2048 8b45 | f849 c787 | 9802 0000 | 0000 0000 
  0x00000185b0b98d0c: 49c7 87a0 | 0200 0000 | 0000 00c5 | f877 4885 | c00f 8493 | 0000 0048 | f7c0 0100 | 0000 0f84 
  0x00000185b0b98d2c: 8300 0000 | 488b 40ff | 4180 7f38 | 000f 846f | 0000 0048 | 83f8 000f | 8465 0000 | 0049 8b4f 
  0x00000185b0b98d4c: 2048 83f9 | 000f 8414 | 0000 0048 | 83e9 0849 | 894f 2049 | 034f 3048 | 8901 e943 | 0000 0050 
  0x00000185b0b98d6c: 498b d748 | 8bc8 4883 | ec20 f7c4 | 0f00 0000 | 0f84 1a00 | 0000 4883 

  0x00000185b0b98d84: ;   {runtime_call}
  0x00000185b0b98d84: ec08 49ba | 106a be7d | fd7f 0000 | 41ff d248 | 83c4 08e9 | 0d00 0000 

  0x00000185b0b98d9c: ;   {runtime_call}
  0x00000185b0b98d9c: 49ba 106a | be7d fd7f | 0000 41ff | d248 83c4 | 2058 e903 | 0000 0048 | 8b00 498b | 8fd8 0000 
  0x00000185b0b98dbc: 00c7 8100 | 0100 0000 | 0000 00c9 | 4981 7f08 | 0000 0000 | 0f85 0100 

  0x00000185b0b98dd4: ;   {runtime_call StubRoutines (1)}
  0x00000185b0b98dd4: 0000 c3e9 | 2481 d7ff | c5f8 7748 | 8945 f84c | 8be4 4883 | ec20 4883 

  0x00000185b0b98dec: ;   {runtime_call}
  0x00000185b0b98dec: e4f0 49ba | 40d1 ff7d | fd7f 0000 | 41ff d249 | 8be4 4d33 | e448 8b45 | f8e9 93fe | ffff f4f4 
  0x00000185b0b98e0c: f4f4 f4f4 
[/MachCode]


Compiled method (c1) 9617 1358       1       java.lang.ClassLoader::defineClass (43 bytes)
 total in heap  [0x00000185b0c19790,0x00000185b0c19d30] = 1440
 relocation     [0x00000185b0c198f0,0x00000185b0c19950] = 96
 main code      [0x00000185b0c19960,0x00000185b0c19b00] = 416
 stub code      [0x00000185b0c19b00,0x00000185b0c19b78] = 120
 metadata       [0x00000185b0c19b78,0x00000185b0c19ba8] = 48
 scopes data    [0x00000185b0c19ba8,0x00000185b0c19c60] = 184
 scopes pcs     [0x00000185b0c19c60,0x00000185b0c19d00] = 160
 dependencies   [0x00000185b0c19d00,0x00000185b0c19d08] = 8
 nul chk table  [0x00000185b0c19d08,0x00000185b0c19d30] = 40

[Constant Pool (empty)]

[MachCode]
[Entry Point]
  # {method} {0x00000185ba010cb0} 'defineClass' '(Ljava/lang/String;[BIILjava/security/ProtectionDomain;)Ljava/lang/Class;' in 'java/lang/ClassLoader'
  # this:     rdx:rdx   = 'java/lang/ClassLoader'
  # parm0:    r8:r8     = 'java/lang/String'
  # parm1:    r9:r9     = '[B'
  # parm2:    rdi       = int
  # parm3:    rsi       = int
  # parm4:    rcx:rcx   = 'java/security/ProtectionDomain'
  #           [sp+0xc0]  (sp of caller)
  0x00000185b0c19960: 448b 5208 | 49bb 0000 | 00ba 8501 | 0000 4d03 | d34c 3bd0 

  0x00000185b0c19974: ;   {runtime_call ic_miss_stub}
  0x00000185b0c19974: 0f85 0677 | d4ff 660f | 1f44 0000 
[Verified Entry Point]
  0x00000185b0c19980: 8984 2400 | 90ff ff55 | 4881 ecb0 | 0000 0048 | 8954 2478 | 89b4 2494 | 0000 0089 | bc24 9000 
  0x00000185b0c199a0: 0000 4c89 | 8c24 8800 | 0000 498b | d84c 8bc3 | 4c8b c948 | 8bca 488b | d148 899c | 2480 0000 
  0x00000185b0c199c0: 0066 0f1f 

  0x00000185b0c199c4: ;   {optimized virtual_call}
  0x00000185b0c199c4: 4400 00e8 

  0x00000185b0c199c8: ; ImmutableOopMap {[120]=Oop [136]=Oop [128]=Oop }
                      ;*invokevirtual preDefineClass {reexecute=0 rethrow=0 return_oop=0}
                      ; - java.lang.ClassLoader::defineClass@4 (line 1015)
  0x00000185b0c199c8: 14d4 fdff | 4889 8424 | 9800 0000 

  0x00000185b0c199d4: ; implicit exception: dispatches to 0x00000185b0c19a9a
  0x00000185b0c199d4: 448b 4010 | 4983 f800 | 0f85 0f00 

  0x00000185b0c199e0: ;   {oop(NULL)}
  0x00000185b0c199e0: 0000 48bb | 0000 0000 | 0000 0000 | e936 0000 | 0045 8b40 | 0c49 83f8 | 000f 850f 

  0x00000185b0c199fc: ;   {oop(NULL)}
  0x00000185b0c199fc: 0000 0048 | bb00 0000 | 0000 0000 | 00e9 1900 | 0000 418b | 5038 483b 

  0x00000185b0c19a14: ;   {optimized virtual_call}
  0x00000185b0c19a14: 0266 90e8 

  0x00000185b0c19a18: ; ImmutableOopMap {[120]=Oop [136]=Oop [128]=Oop [152]=Oop }
                      ;*invokevirtual toExternalForm {reexecute=0 rethrow=0 return_oop=0}
                      ; - java.net.URL::toExternalForm@5 (line 1039)
                      ; - java.net.URL::toString@1 (line 1025)
                      ; - java.lang.ClassLoader::defineClassSourceLocation@22 (line 917)
                      ; - java.lang.ClassLoader::defineClass@12 (line 1016)
  0x00000185b0c19a18: 841f f8ff | 488b d848 | 8b84 2498 | 0000 008b | b424 9400 | 0000 8bbc | 2490 0000 | 004c 8b8c 
  0x00000185b0c19a38: 2488 0000 | 004c 8b84 | 2480 0000 | 0048 8b54 | 2478 4c8b | da49 8bd3 | 488b c848 

  0x00000185b0c19a54: ;   {static_call}
  0x00000185b0c19a54: 891c 24e8 

  0x00000185b0c19a58: ; ImmutableOopMap {[152]=Oop [120]=Oop }
                      ;*invokestatic defineClass1 {reexecute=0 rethrow=0 return_oop=0}
                      ; - java.lang.ClassLoader::defineClass@27 (line 1017)
  0x00000185b0c19a58: 84f0 f7ff | 4c8b c04c | 8b8c 2498 | 0000 0048 | 8b54 2478 | 4889 8424 | a000 0000 

  0x00000185b0c19a74: ;   {optimized virtual_call}
  0x00000185b0c19a74: 6666 90e8 

  0x00000185b0c19a78: ; ImmutableOopMap {[160]=Oop }
                      ;*invokevirtual postDefineClass {reexecute=0 rethrow=0 return_oop=0}
                      ; - java.lang.ClassLoader::defineClass@37 (line 1018)
  0x00000185b0c19a78: 84c9 ffff | 488b 8424 | a000 0000 | 4881 c4b0 | 0000 005d 

  0x00000185b0c19a8c: ;   {poll_return}
  0x00000185b0c19a8c: 493b a748 | 0300 000f | 8715 0000 

  0x00000185b0c19a98: ;   {runtime_call throw_null_pointer_exception Runtime1 stub}
  0x00000185b0c19a98: 00c3 e881 

  0x00000185b0c19a9c: ; ImmutableOopMap {[120]=Oop [136]=Oop [128]=Oop rax=Oop [152]=Oop }
                      ;*invokevirtual getCodeSource {reexecute=0 rethrow=0 return_oop=0}
                      ; - java.lang.ClassLoader::defineClassSourceLocation@1 (line 914)
                      ; - java.lang.ClassLoader::defineClass@12 (line 1016)
                      ;   {runtime_call throw_null_pointer_exception Runtime1 stub}
  0x00000185b0c19a9c: 8ade ffe8 

  0x00000185b0c19aa0: ; ImmutableOopMap {[120]=Oop [136]=Oop [128]=Oop rax=Oop [152]=Oop }
                      ;*invokevirtual getLocation {reexecute=0 rethrow=0 return_oop=0}
                      ; - java.lang.ClassLoader::defineClassSourceLocation@12 (line 916)
                      ; - java.lang.ClassLoader::defineClass@12 (line 1016)
  0x00000185b0c19aa0: 7c8a deff 

  0x00000185b0c19aa4: ;   {runtime_call throw_null_pointer_exception Runtime1 stub}
  0x00000185b0c19aa4: e877 8ade 

  0x00000185b0c19aa8: ; ImmutableOopMap {[120]=Oop [136]=Oop [128]=Oop [152]=Oop r8=Oop }
                      ;*invokevirtual toString {reexecute=0 rethrow=0 return_oop=0}
                      ; - java.lang.ClassLoader::defineClassSourceLocation@22 (line 917)
                      ; - java.lang.ClassLoader::defineClass@12 (line 1016)
                      ;   {runtime_call throw_null_pointer_exception Runtime1 stub}
  0x00000185b0c19aa8: ffe8 728a 

  0x00000185b0c19aac: ; ImmutableOopMap {[120]=Oop [136]=Oop [128]=Oop [152]=Oop r8=Oop rdx=Oop }
                      ;*invokevirtual toExternalForm {reexecute=0 rethrow=0 return_oop=0}
                      ; - java.net.URL::toExternalForm@5 (line 1039)
                      ; - java.net.URL::toString@1 (line 1025)
                      ; - java.lang.ClassLoader::defineClassSourceLocation@22 (line 917)
                      ; - java.lang.ClassLoader::defineClass@12 (line 1016)
                      ;   {internal_word}
  0x00000185b0c19aac: deff 49ba | 8c9a c1b0 | 8501 0000 | 4d89 9760 

  0x00000185b0c19abc: ;   {runtime_call SafepointBlob}
  0x00000185b0c19abc: 0300 00e9 | 3cdf d4ff | 9090 498b | 87d8 0300 | 0049 c787 | d803 0000 | 0000 0000 | 49c7 87e0 
  0x00000185b0c19adc: 0300 0000 | 0000 0048 | 81c4 b000 

  0x00000185b0c19ae8: ;   {runtime_call unwind_exception Runtime1 stub}
  0x00000185b0c19ae8: 0000 5de9 | 107b deff | f4f4 f4f4 | f4f4 f4f4 | f4f4 f4f4 | f4f4 f4f4 
[Stub Code]
  0x00000185b0c19b00: ;   {no_reloc}
  0x00000185b0c19b00: 0f1f 4400 

  0x00000185b0c19b04: ;   {static_stub}
  0x00000185b0c19b04: 0048 bb00 | 0000 0000 

  0x00000185b0c19b0c: ;   {runtime_call}
  0x00000185b0c19b0c: 0000 00e9 | fbff ffff 

  0x00000185b0c19b14: ;   {static_stub}
  0x00000185b0c19b14: 9048 bb00 | 0000 0000 

  0x00000185b0c19b1c: ;   {runtime_call}
  0x00000185b0c19b1c: 0000 00e9 | fbff ffff 

  0x00000185b0c19b24: ;   {static_stub}
  0x00000185b0c19b24: 9048 bb00 | 0000 0000 

  0x00000185b0c19b2c: ;   {runtime_call}
  0x00000185b0c19b2c: 0000 00e9 | fbff ffff 

  0x00000185b0c19b34: ;   {static_stub}
  0x00000185b0c19b34: 9048 bb00 | 0000 0000 

  0x00000185b0c19b3c: ;   {runtime_call}
  0x00000185b0c19b3c: 0000 00e9 | fbff ffff 
[Exception Handler]
  0x00000185b0c19b44: ;   {runtime_call handle_exception_from_callee Runtime1 stub}
  0x00000185b0c19b44: e8b7 aade 

  0x00000185b0c19b48: ;   {external_word}
  0x00000185b0c19b48: ff48 b900 | ea23 7efd | 7f00 0048 

  0x00000185b0c19b54: ;   {runtime_call}
  0x00000185b0c19b54: 83e4 f049 | ba40 96ec | 7dfd 7f00 | 0041 ffd2 

  0x00000185b0c19b64: ;   {section_word}
  0x00000185b0c19b64: f449 ba65 | 9bc1 b085 | 0100 0041 

  0x00000185b0c19b70: ;   {runtime_call DeoptimizationBlob}
  0x00000185b0c19b70: 52e9 2ad1 | d4ff f4f4 
[/MachCode]


Compiled method (c1) 9632 1285       1       jdk.internal.loader.BuiltinClassLoader::defineClass (121 bytes)
 total in heap  [0x00000185b0bf8d90,0x00000185b0bf9c08] = 3704
 relocation     [0x00000185b0bf8ef0,0x00000185b0bf9020] = 304
 main code      [0x00000185b0bf9020,0x00000185b0bf9640] = 1568
 stub code      [0x00000185b0bf9640,0x00000185b0bf9788] = 328
 metadata       [0x00000185b0bf9788,0x00000185b0bf97d0] = 72
 scopes data    [0x00000185b0bf97d0,0x00000185b0bf9a28] = 600
 scopes pcs     [0x00000185b0bf9a28,0x00000185b0bf9bc8] = 416
 dependencies   [0x00000185b0bf9bc8,0x00000185b0bf9bd0] = 8
 handler table  [0x00000185b0bf9bd0,0x00000185b0bf9be8] = 24
 nul chk table  [0x00000185b0bf9be8,0x00000185b0bf9c08] = 32

[Constant Pool (empty)]

[MachCode]
[Entry Point]
  # {method} {0x00000185ba4368e0} 'defineClass' '(Ljava/lang/String;Ljdk/internal/loader/Resource;)Ljava/lang/Class;' in 'jdk/internal/loader/BuiltinClassLoader'
  # this:     rdx:rdx   = 'jdk/internal/loader/BuiltinClassLoader'
  # parm0:    r8:r8     = 'java/lang/String'
  # parm1:    r9:r9     = 'jdk/internal/loader/Resource'
  #           [sp+0x110]  (sp of caller)
  0x00000185b0bf9020: 448b 5208 | 49bb 0000 | 00ba 8501 | 0000 4d03 | d34c 3bd0 

  0x00000185b0bf9034: ;   {runtime_call ic_miss_stub}
  0x00000185b0bf9034: 0f85 4680 | d6ff 660f | 1f44 0000 
[Verified Entry Point]
  0x00000185b0bf9040: 8984 2400 | 90ff ff55 | 4881 ec00 | 0100 0048 | 8994 24a0 | 0000 004c | 8984 2490 | 0000 004c 
  0x00000185b0bf9060: 898c 2498 | 0000 0049 | 8bd1 6666 | 9048 b860 | 5219 ba85 

  0x00000185b0bf9074: ;   {virtual_call}
  0x00000185b0bf9074: 0100 00e8 

  0x00000185b0bf9078: ; ImmutableOopMap {[152]=Oop [160]=Oop [144]=Oop }
                      ;*invokevirtual getCodeSourceURL {reexecute=0 rethrow=0 return_oop=0}
                      ; - jdk.internal.loader.BuiltinClassLoader::defineClass@1 (line 842)
  0x00000185b0bf9078: a439 0000 | 4889 8424 | a800 0000 | 4c8b 8424 | 9000 0000 

  0x00000185b0bf908c: ; implicit exception: dispatches to 0x00000185b0bf9543
  0x00000185b0bf908c: 418b 7014 

  0x00000185b0bf9090: ; implicit exception: dispatches to 0x00000185b0bf9548
  0x00000185b0bf9090: 8b56 0c45 | 0fbe 4810 | 498b c9c1 | e118 c1f9 | 18d3 fa48 | 8bfa ffcf | 4183 f900 | ba00 0000 
  0x00000185b0bf90b0: 000f 8505 | 0000 00ba | 0100 0000 | 83e2 0183 | fa00 488b | d641 b82e | 0000 004c | 8bcf 0f84 
  0x00000185b0bf90d0: 0d00 0000 

  0x00000185b0bf90d4: ;   {static_call}
  0x00000185b0bf90d4: 6666 90e8 

  0x00000185b0bf90d8: ; ImmutableOopMap {[152]=Oop [160]=Oop [168]=Oop [144]=Oop }
                      ;*invokestatic lastIndexOf {reexecute=0 rethrow=0 return_oop=0}
                      ; - java.lang.String::lastIndexOf@13 (line 2489)
                      ; - java.lang.String::lastIndexOf@8 (line 2451)
                      ; - jdk.internal.loader.BuiltinClassLoader::defineClass@8 (line 845)
  0x00000185b0bf90d8: e4e3 e1ff | e90b 0000 | 0066 0f1f 

  0x00000185b0bf90e4: ;   {static_call}
  0x00000185b0bf90e4: 4400 00e8 

  0x00000185b0bf90e8: ; ImmutableOopMap {[152]=Oop [160]=Oop [168]=Oop [144]=Oop }
                      ;*invokestatic lastIndexOf {reexecute=0 rethrow=0 return_oop=0}
                      ; - java.lang.String::lastIndexOf@25 (line 2490)
                      ; - java.lang.String::lastIndexOf@8 (line 2451)
                      ; - jdk.internal.loader.BuiltinClassLoader::defineClass@8 (line 845)
  0x00000185b0bf90e8: 9488 d6ff | 83f8 ff0f | 8467 0000 | 0041 b800 | 0000 004c | 8bc8 488b | 9424 9000 

  0x00000185b0bf9104: ;   {optimized virtual_call}
  0x00000185b0bf9104: 0000 90e8 

  0x00000185b0bf9108: ; ImmutableOopMap {[152]=Oop [160]=Oop [168]=Oop [144]=Oop }
                      ;*invokevirtual substring {reexecute=0 rethrow=0 return_oop=0}
                      ; - jdk.internal.loader.BuiltinClassLoader::defineClass@23 (line 847)
  0x00000185b0bf9108: f480 e4ff | 488b 9424 | 9800 0000 | 4889 8424 | b000 0000 | 9048 b860 | 5219 ba85 

  0x00000185b0bf9124: ;   {virtual_call}
  0x00000185b0bf9124: 0100 00e8 

  0x00000185b0bf9128: ; ImmutableOopMap {[152]=Oop [160]=Oop [168]=Oop [144]=Oop [176]=Oop }
                      ;*invokevirtual getManifest {reexecute=0 rethrow=0 return_oop=0}
                      ; - jdk.internal.loader.BuiltinClassLoader::defineClass@29 (line 848)
  0x00000185b0bf9128: 543c 0000 | 4c8b 8424 | b000 0000 | 4c8b c848 | 8bbc 24a8 | 0000 0048 | 8b94 24a0 | 0000 0066 
  0x00000185b0bf9148: 0f1f 4400 | 0048 b878 | b707 ba85 

  0x00000185b0bf9154: ;   {virtual_call}
  0x00000185b0bf9154: 0100 00e8 

  0x00000185b0bf9158: ; ImmutableOopMap {[152]=Oop [160]=Oop [168]=Oop [144]=Oop }
                      ;*invokevirtual defineOrCheckPackage {reexecute=0 rethrow=0 return_oop=0}
                      ; - jdk.internal.loader.BuiltinClassLoader::defineClass@40 (line 849)
  0x00000185b0bf9158: c40f 0000 | 4c8b 8c24 | 9800 0000 | 488d 9424 | e000 0000 | 4c89 4a08 | 498b 0148 | 83c8 0148 
  0x00000185b0bf9178: 8902 f049 | 0fb1 110f | 8413 0000 | 0048 2bc4 | 4881 e007 | f0ff ff48 | 8902 0f85 | b503 0000 
  0x00000185b0bf9198: 418b 510c | 4883 fa00 | 0f85 4700 | 0000 498b | d10f 1f40 | 0048 b860 | 5219 ba85 

  0x00000185b0bf91b4: ;   {virtual_call}
  0x00000185b0bf91b4: 0100 00e8 

  0x00000185b0bf91b8: ; ImmutableOopMap {[160]=Oop [168]=Oop [144]=Oop [152]=Oop [232]=Oop }
                      ;*invokevirtual getInputStream {reexecute=0 rethrow=0 return_oop=0}
                      ; - jdk.internal.loader.Resource::cachedInputStream@9 (line 77)
                      ; - jdk.internal.loader.Resource::getByteBuffer@1 (line 163)
                      ; - jdk.internal.loader.BuiltinClassLoader::defineClass@45 (line 853)
  0x00000185b0bf91b8: 0417 0200 | 410f be57 | 3883 fa00 | 4c8b 8c24 | 9800 0000 | 0f85 8e03 | 0000 4c8b | d045 8951 
  0x00000185b0bf91d8: 0c49 8bd1 | 4833 d048 | c1ea 1448 | 83fa 000f | 858f 0300 | 0041 8b51 | 0c48 8d84 | 24e0 0000 
  0x00000185b0bf91f8: 0048 8b30 | 4885 f60f | 840f 0000 | 0048 8b78 | 08f0 480f | b137 0f85 | 8003 0000 | 4883 fa00 
  0x00000185b0bf9218: 0f84 4400 

  0x00000185b0bf921c: ;   {metadata('sun/nio/ByteBuffered')}
  0x00000185b0bf921c: 0000 48b8 | 18bd 0dba | 8501 0000 | 8b5a 0849 | ba00 0000 | ba85 0100 | 0049 03da | 483b 4320 
  0x00000185b0bf923c: 0f84 2500 | 0000 483b | d80f 841c | 0000 0053 

  0x00000185b0bf924c: ;   {runtime_call slow_subtype_check Runtime1 stub}
  0x00000185b0bf924c: 50e8 aebf | e0ff 5b5b | 83fb 000f | 8405 0000 | 00e9 0500 | 0000 4833 | f6eb 0a48 | be01 0000 
  0x00000185b0bf926c: 0000 0000 | 0083 fe00 | 0f84 6700 | 0000 4883 | fa00 0f84 | 4400 0000 

  0x00000185b0bf9284: ;   {metadata('sun/nio/ByteBuffered')}
  0x00000185b0bf9284: 48bb 18bd | 0dba 8501 | 0000 8b7a | 0849 ba00 | 0000 ba85 | 0100 0049 | 03fa 483b | 5f20 0f84 
  0x00000185b0bf92a4: 2000 0000 | 483b fb0f | 8417 0000 

  0x00000185b0bf92b0: ;   {runtime_call slow_subtype_check Runtime1 stub}
  0x00000185b0bf92b0: 0057 53e8 | 48bf e0ff | 5f5f 83ff | 000f 84e7 | 0200 00e9 | 0000 0000 | 0f1f 4400 | 0048 b8ff 
  0x00000185b0bf92d0: ffff ffff 

  0x00000185b0bf92d4: ;   {virtual_call}
  0x00000185b0bf92d4: ffff ffe8 

  0x00000185b0bf92d8: ; ImmutableOopMap {[160]=Oop [168]=Oop [144]=Oop [152]=Oop }
                      ;*invokeinterface getByteBuffer {reexecute=0 rethrow=0 return_oop=0}
                      ; - jdk.internal.loader.Resource::getByteBuffer@16 (line 165)
                      ; - jdk.internal.loader.BuiltinClassLoader::defineClass@45 (line 853)
  0x00000185b0bf92d8: a483 d6ff | e90a 0000 

  0x00000185b0bf92e0: ;   {oop(NULL)}
  0x00000185b0bf92e0: 0048 b800 | 0000 0000 | 0000 0048 | 83f8 000f | 84e5 0000 | 0048 8984 | 24b8 0000 | 0048 8b94 
  0x00000185b0bf9300: 2498 0000 | 0048 b8ff | ffff ffff 

  0x00000185b0bf930c: ;   {virtual_call}
  0x00000185b0bf930c: ffff ffe8 

  0x00000185b0bf9310: ; ImmutableOopMap {[160]=Oop [168]=Oop [144]=Oop [184]=Oop }
                      ;*invokevirtual getCodeSigners {reexecute=0 rethrow=0 return_oop=0}
                      ; - jdk.internal.loader.BuiltinClassLoader::defineClass@56 (line 855)
  0x00000185b0bf9310: 6c83 d6ff 

  0x00000185b0bf9314: ;   {metadata('java/security/CodeSource')}
  0x00000185b0bf9314: 4c8b c848 | baa0 ee00 | ba85 0100 | 0049 8b87 | 0801 0000 | 488d 7828 | 493b bf18 | 0100 000f 
  0x00000185b0bf9334: 877a 0200 | 0049 89bf | 0801 0000 | 48c7 0001 | 0000 0048 | 8bca 49ba | 0000 00ba | 8501 0000 
  0x00000185b0bf9354: 492b ca89 | 4808 4833 | c989 480c | 4833 c948 | 8948 1048 | 8948 1848 | 8948 204c | 8b84 24a8 
  0x00000185b0bf9374: 0000 0048 | 8bd0 4889 | 8424 c000 | 0000 0f1f 

  0x00000185b0bf9384: ;   {optimized virtual_call}
  0x00000185b0bf9384: 4400 00e8 

  0x00000185b0bf9388: ; ImmutableOopMap {[160]=Oop [144]=Oop [184]=Oop [192]=Oop }
                      ;*invokespecial <init> {reexecute=0 rethrow=0 return_oop=0}
                      ; - jdk.internal.loader.BuiltinClassLoader::defineClass@68 (line 856)
  0x00000185b0bf9388: f47f d6ff | 4c8b 8424 | c000 0000 | 488b 9424 | a000 0000 

  0x00000185b0bf939c: ;   {optimized virtual_call}
  0x00000185b0bf939c: 6666 90e8 

  0x00000185b0bf93a0: ; ImmutableOopMap {[160]=Oop [144]=Oop [184]=Oop }
                      ;*invokevirtual getProtectionDomain {reexecute=0 rethrow=0 return_oop=0}
                      ; - java.security.SecureClassLoader::defineClass@5 (line 182)
                      ; - jdk.internal.loader.BuiltinClassLoader::defineClass@79 (line 857)
  0x00000185b0bf93a0: dc7f d6ff | 4c8b 8424 | 9000 0000 | 4c8b 8c24 | b800 0000 | 488b f848 | 8b94 24a0 

  0x00000185b0bf93bc: ;   {optimized virtual_call}
  0x00000185b0bf93bc: 0000 00e8 

  0x00000185b0bf93c0: ; ImmutableOopMap {}
                      ;*invokevirtual defineClass {reexecute=0 rethrow=0 return_oop=0}
                      ; - java.security.SecureClassLoader::defineClass@8 (line 182)
                      ; - jdk.internal.loader.BuiltinClassLoader::defineClass@79 (line 857)
  0x00000185b0bf93c0: bc7f d6ff | 4881 c400 | 0100 005d 

  0x00000185b0bf93cc: ;   {poll_return}
  0x00000185b0bf93cc: 493b a748 | 0300 000f | 87e7 0100 | 00c3 4c8b | 8c24 9800 | 0000 498b | d148 b860 | 5219 ba85 
  0x00000185b0bf93ec: ;   {virtual_call}
  0x00000185b0bf93ec: 0100 00e8 

  0x00000185b0bf93f0: ; ImmutableOopMap {[160]=Oop [144]=Oop [152]=Oop [168]=Oop }
                      ;*invokevirtual getBytes {reexecute=0 rethrow=0 return_oop=0}
                      ; - jdk.internal.loader.BuiltinClassLoader::defineClass@84 (line 859)
  0x00000185b0bf93f0: 6c18 0200 | 4889 8424 | c800 0000 | 488b 9424 | 9800 0000 | 9048 b860 | 5219 ba85 

  0x00000185b0bf940c: ;   {virtual_call}
  0x00000185b0bf940c: 0100 00e8 

  0x00000185b0bf9410: ; ImmutableOopMap {[160]=Oop [144]=Oop [168]=Oop [200]=Oop }
                      ;*invokevirtual getCodeSigners {reexecute=0 rethrow=0 return_oop=0}
                      ; - jdk.internal.loader.BuiltinClassLoader::defineClass@90 (line 860)
  0x00000185b0bf9410: 2c21 0200 

  0x00000185b0bf9414: ;   {metadata('java/security/CodeSource')}
  0x00000185b0bf9414: 4c8b c848 | baa0 ee00 | ba85 0100 | 0049 8b87 | 0801 0000 | 488d 7828 | 493b bf18 | 0100 000f 
  0x00000185b0bf9434: 879d 0100 | 0049 89bf | 0801 0000 | 48c7 0001 | 0000 0048 | 8bca 49ba | 0000 00ba | 8501 0000 
  0x00000185b0bf9454: 492b ca89 | 4808 4833 | c989 480c | 4833 c948 | 8948 1048 | 8948 1848 | 8948 204c | 8b84 24a8 
  0x00000185b0bf9474: 0000 0048 | 8bd0 4889 | 8424 d000 | 0000 0f1f 

  0x00000185b0bf9484: ;   {optimized virtual_call}
  0x00000185b0bf9484: 4400 00e8 

  0x00000185b0bf9488: ; ImmutableOopMap {[160]=Oop [144]=Oop [200]=Oop [208]=Oop }
                      ;*invokespecial <init> {reexecute=0 rethrow=0 return_oop=0}
                      ; - jdk.internal.loader.BuiltinClassLoader::defineClass@102 (line 861)
  0x00000185b0bf9488: f4c1 ffff | 488b 8424 | c800 0000 

  0x00000185b0bf9494: ; implicit exception: dispatches to 0x00000185b0bf95e3
  0x00000185b0bf9494: 8b70 0c4c | 8b84 24d0 | 0000 0048 | 8b94 24a0 | 0000 0089 | b424 d800 

  0x00000185b0bf94ac: ;   {optimized virtual_call}
  0x00000185b0bf94ac: 0000 90e8 

  0x00000185b0bf94b0: ; ImmutableOopMap {[160]=Oop [144]=Oop [200]=Oop }
                      ;*invokevirtual getProtectionDomain {reexecute=0 rethrow=0 return_oop=0}
                      ; - java.security.SecureClassLoader::defineClass@9 (line 150)
                      ; - jdk.internal.loader.BuiltinClassLoader::defineClass@117 (line 862)
  0x00000185b0bf94b0: ccc7 ffff | 4c8b 8424 | 9000 0000 | 4c8b 8c24 | c800 0000 | bf00 0000 | 008b b424 | d800 0000 
  0x00000185b0bf94d0: 488b c848 | 8b94 24a0 | 0000 000f 

  0x00000185b0bf94dc: ;   {optimized virtual_call}
  0x00000185b0bf94dc: 1f40 00e8 

  0x00000185b0bf94e0: ; ImmutableOopMap {}
                      ;*invokevirtual defineClass {reexecute=0 rethrow=0 return_oop=0}
                      ; - java.security.SecureClassLoader::defineClass@12 (line 150)
                      ; - jdk.internal.loader.BuiltinClassLoader::defineClass@117 (line 862)
  0x00000185b0bf94e0: 9c04 0200 | 4881 c400 | 0100 005d 

  0x00000185b0bf94ec: ;   {poll_return}
  0x00000185b0bf94ec: 493b a748 | 0300 000f | 87ef 0000 | 00c3 498b | 87d8 0300 | 004d 33d2 | 4d89 97d8 | 0300 004d 
  0x00000185b0bf950c: 33d2 4d89 | 97e0 0300 | 0048 8bf0 | 488d 8424 | e000 0000 | 488b 3848 | 85ff 0f84 | 0f00 0000 
  0x00000185b0bf952c: 488b 5808 | f048 0fb1 | 3b0f 85c3 | 0000 0048 | 8bc6 e9f0 

  0x00000185b0bf9540: ;   {runtime_call throw_null_pointer_exception Runtime1 stub}
  0x00000185b0bf9540: 0000 00e8 

  0x00000185b0bf9544: ; ImmutableOopMap {[152]=Oop [160]=Oop rax=Oop [168]=Oop r8=Oop [144]=Oop }
                      ;*invokevirtual lastIndexOf {reexecute=0 rethrow=0 return_oop=0}
                      ; - jdk.internal.loader.BuiltinClassLoader::defineClass@8 (line 845)
  0x00000185b0bf9544: d88f e0ff 

  0x00000185b0bf9548: ;   {runtime_call throw_null_pointer_exception Runtime1 stub}
  0x00000185b0bf9548: e8d3 8fe0 

  0x00000185b0bf954c: ; ImmutableOopMap {[152]=Oop [160]=Oop rax=Oop [168]=Oop r8=Oop [144]=Oop rsi=Oop }
                      ;*arraylength {reexecute=0 rethrow=0 return_oop=0}
                      ; - java.lang.String::length@4 (line 1481)
                      ; - java.lang.String::lastIndexOf@3 (line 2451)
                      ; - jdk.internal.loader.BuiltinClassLoader::defineClass@8 (line 845)
  0x00000185b0bf954c: ff4c 894c | 2408 4889 

  0x00000185b0bf9554: ;   {runtime_call monitorenter_nofpu Runtime1 stub}
  0x00000185b0bf9554: 1424 e8a5 

  0x00000185b0bf9558: ; ImmutableOopMap {[160]=Oop [168]=Oop [144]=Oop r9=Oop [152]=Oop [232]=Oop }
                      ;*synchronization entry
                      ; - jdk.internal.loader.Resource::cachedInputStream@-1 (line 76)
                      ; - jdk.internal.loader.Resource::getByteBuffer@1 (line 163)
                      ; - jdk.internal.loader.BuiltinClassLoader::defineClass@45 (line 853)
  0x00000185b0bf9558: c2e0 ffe9 | 38fc ffff | 418b 510c | 4883 fa00 | 0f84 64fc | ffff 4889 

  0x00000185b0bf9570: ;   {runtime_call g1_pre_barrier_slow}
  0x00000185b0bf9570: 1424 e889 | e9e0 ffe9 | 56fc ffff | 4883 f800 | 0f84 67fc | ffff 4c89 

  0x00000185b0bf9588: ;   {runtime_call g1_post_barrier_slow}
  0x00000185b0bf9588: 0c24 e871 | ece0 ffe9 | 59fc ffff | 488d 8424 | e000 0000 | 4889 0424 

  0x00000185b0bf95a0: ;   {runtime_call monitorexit_nofpu Runtime1 stub}
  0x00000185b0bf95a0: e85b c8e0 | ffe9 6afc | ffff 4889 

  0x00000185b0bf95ac: ;   {runtime_call throw_class_cast_exception Runtime1 stub}
  0x00000185b0bf95ac: 1424 e86d 

  0x00000185b0bf95b0: ; ImmutableOopMap {[160]=Oop [168]=Oop [144]=Oop [152]=Oop }
                      ;*checkcast {reexecute=0 rethrow=0 return_oop=0}
                      ; - jdk.internal.loader.Resource::getByteBuffer@13 (line 165)
                      ; - jdk.internal.loader.BuiltinClassLoader::defineClass@45 (line 853)
  0x00000185b0bf95b0: b6e0 ff48 

  0x00000185b0bf95b4: ;   {runtime_call fast_new_instance Runtime1 stub}
  0x00000185b0bf95b4: 8bd2 e845 

  0x00000185b0bf95b8: ; ImmutableOopMap {[160]=Oop [168]=Oop [144]=Oop [184]=Oop r9=Oop }
                      ;*new {reexecute=0 rethrow=0 return_oop=0}
                      ; - jdk.internal.loader.BuiltinClassLoader::defineClass@61 (line 856)
  0x00000185b0bf95b8: 98e0 ffe9 | affd ffff 

  0x00000185b0bf95c0: ;   {internal_word}
  0x00000185b0bf95c0: 49ba cc93 | bfb0 8501 | 0000 4d89 | 9760 0300 

  0x00000185b0bf95d0: ;   {runtime_call SafepointBlob}
  0x00000185b0bf95d0: 00e9 2ae4 | d6ff 488b 

  0x00000185b0bf95d8: ;   {runtime_call fast_new_instance Runtime1 stub}
  0x00000185b0bf95d8: d2e8 2298 

  0x00000185b0bf95dc: ; ImmutableOopMap {[160]=Oop [144]=Oop [168]=Oop [200]=Oop r9=Oop }
                      ;*new {reexecute=0 rethrow=0 return_oop=0}
                      ; - jdk.internal.loader.BuiltinClassLoader::defineClass@95 (line 861)
  0x00000185b0bf95dc: e0ff e98c 

  0x00000185b0bf95e0: ;   {runtime_call throw_null_pointer_exception Runtime1 stub}
  0x00000185b0bf95e0: feff ffe8 

  0x00000185b0bf95e4: ; ImmutableOopMap {[160]=Oop [144]=Oop [208]=Oop rax=Oop [200]=Oop }
                      ;*arraylength {reexecute=0 rethrow=0 return_oop=0}
                      ; - jdk.internal.loader.BuiltinClassLoader::defineClass@114 (line 862)
  0x00000185b0bf95e4: 388f e0ff 

  0x00000185b0bf95e8: ;   {internal_word}
  0x00000185b0bf95e8: 49ba ec94 | bfb0 8501 | 0000 4d89 | 9760 0300 

  0x00000185b0bf95f8: ;   {runtime_call SafepointBlob}
  0x00000185b0bf95f8: 00e9 02e4 | d6ff 488d | 8424 e000 | 0000 4889 

  0x00000185b0bf9608: ;   {runtime_call monitorexit_nofpu Runtime1 stub}
  0x00000185b0bf9608: 0424 e8f1 | c7e0 ffe9 | 27ff ffff | 9090 498b | 87d8 0300 | 0049 c787 | d803 0000 | 0000 0000 
  0x00000185b0bf9628: 49c7 87e0 | 0300 0000 | 0000 0048 | 81c4 0001 

  0x00000185b0bf9638: ;   {runtime_call unwind_exception Runtime1 stub}
  0x00000185b0bf9638: 0000 5de9 | c07f e0ff 
[Stub Code]
  0x00000185b0bf9640: ;   {no_reloc}
  0x00000185b0bf9640: 0f1f 4400 

  0x00000185b0bf9644: ;   {static_stub}
  0x00000185b0bf9644: 0048 bb00 | 0000 0000 

  0x00000185b0bf964c: ;   {runtime_call}
  0x00000185b0bf964c: 0000 00e9 | fbff ffff 

  0x00000185b0bf9654: ;   {static_stub}
  0x00000185b0bf9654: 9048 bb00 | 0000 0000 

  0x00000185b0bf965c: ;   {runtime_call}
  0x00000185b0bf965c: 0000 00e9 | fbff ffff 

  0x00000185b0bf9664: ;   {static_stub}
  0x00000185b0bf9664: 9048 bb00 | 0000 0000 

  0x00000185b0bf966c: ;   {runtime_call}
  0x00000185b0bf966c: 0000 00e9 | fbff ffff 

  0x00000185b0bf9674: ;   {static_stub}
  0x00000185b0bf9674: 9048 bb00 | 0000 0000 

  0x00000185b0bf967c: ;   {runtime_call}
  0x00000185b0bf967c: 0000 00e9 | fbff ffff 

  0x00000185b0bf9684: ;   {static_stub}
  0x00000185b0bf9684: 9048 bb00 | 0000 0000 

  0x00000185b0bf968c: ;   {runtime_call}
  0x00000185b0bf968c: 0000 00e9 | fbff ffff 

  0x00000185b0bf9694: ;   {static_stub}
  0x00000185b0bf9694: 9048 bb00 | 0000 0000 

  0x00000185b0bf969c: ;   {runtime_call}
  0x00000185b0bf969c: 0000 00e9 | fbff ffff 

  0x00000185b0bf96a4: ;   {static_stub}
  0x00000185b0bf96a4: 9048 bb00 | 0000 0000 

  0x00000185b0bf96ac: ;   {runtime_call}
  0x00000185b0bf96ac: 0000 00e9 | fbff ffff 

  0x00000185b0bf96b4: ;   {static_stub}
  0x00000185b0bf96b4: 9048 bb00 | 0000 0000 

  0x00000185b0bf96bc: ;   {runtime_call}
  0x00000185b0bf96bc: 0000 00e9 | fbff ffff 

  0x00000185b0bf96c4: ;   {static_stub}
  0x00000185b0bf96c4: 9048 bb00 | 0000 0000 

  0x00000185b0bf96cc: ;   {runtime_call}
  0x00000185b0bf96cc: 0000 00e9 | fbff ffff 

  0x00000185b0bf96d4: ;   {static_stub}
  0x00000185b0bf96d4: 9048 bb00 | 0000 0000 

  0x00000185b0bf96dc: ;   {runtime_call}
  0x00000185b0bf96dc: 0000 00e9 | fbff ffff 

  0x00000185b0bf96e4: ;   {static_stub}
  0x00000185b0bf96e4: 9048 bb00 | 0000 0000 

  0x00000185b0bf96ec: ;   {runtime_call}
  0x00000185b0bf96ec: 0000 00e9 | fbff ffff 

  0x00000185b0bf96f4: ;   {static_stub}
  0x00000185b0bf96f4: 9048 bb00 | 0000 0000 

  0x00000185b0bf96fc: ;   {runtime_call}
  0x00000185b0bf96fc: 0000 00e9 | fbff ffff 

  0x00000185b0bf9704: ;   {static_stub}
  0x00000185b0bf9704: 9048 bb00 | 0000 0000 

  0x00000185b0bf970c: ;   {runtime_call}
  0x00000185b0bf970c: 0000 00e9 | fbff ffff 

  0x00000185b0bf9714: ;   {static_stub}
  0x00000185b0bf9714: 9048 bb00 | 0000 0000 

  0x00000185b0bf971c: ;   {runtime_call}
  0x00000185b0bf971c: 0000 00e9 | fbff ffff 

  0x00000185b0bf9724: ;   {static_stub}
  0x00000185b0bf9724: 9048 bb00 | 0000 0000 

  0x00000185b0bf972c: ;   {runtime_call}
  0x00000185b0bf972c: 0000 00e9 | fbff ffff 

  0x00000185b0bf9734: ;   {static_stub}
  0x00000185b0bf9734: 9048 bb00 | 0000 0000 

  0x00000185b0bf973c: ;   {runtime_call}
  0x00000185b0bf973c: 0000 00e9 | fbff ffff 

  0x00000185b0bf9744: ;   {static_stub}
  0x00000185b0bf9744: 9048 bba8 | 0c01 ba85 

  0x00000185b0bf974c: ;   {runtime_call I2C/C2I adapters}
  0x00000185b0bf974c: 0100 00e9 | 97df d5ff 
[Exception Handler]
  0x00000185b0bf9754: ;   {runtime_call handle_exception_from_callee Runtime1 stub}
  0x00000185b0bf9754: e8a7 aee0 

  0x00000185b0bf9758: ;   {external_word}
  0x00000185b0bf9758: ff48 b900 | ea23 7efd | 7f00 0048 

  0x00000185b0bf9764: ;   {runtime_call}
  0x00000185b0bf9764: 83e4 f049 | ba40 96ec | 7dfd 7f00 | 0041 ffd2 

  0x00000185b0bf9774: ;   {section_word}
  0x00000185b0bf9774: f449 ba75 | 97bf b085 | 0100 0041 

  0x00000185b0bf9780: ;   {runtime_call DeoptimizationBlob}
  0x00000185b0bf9780: 52e9 1ad5 | d6ff f4f4 
[/MachCode]


---------------  P R O C E S S  ---------------

Threads class SMR info:
_java_thread_list=0x000001858020f250, length=19, elements={
0x00000185a75cd130, 0x00000185b935d240, 0x00000185b935d920, 0x00000185b9380300,
0x00000185b9383f90, 0x00000185b9384470, 0x00000185b938b980, 0x00000185b938c270,
0x00000185b938c790, 0x00000185b9343050, 0x00000185b95c5e00, 0x00000185ff323a60,
0x00000185ff31edf0, 0x00000185ff331380, 0x00000185801109f0, 0x000001858010f8a0,
0x0000018580105190, 0x00000185801056a0, 0x0000018580103d50
}

Java Threads: ( => current thread )
  0x00000185a75cd130 JavaThread "main" [_thread_in_vm, id=21888, stack(0x00000001f1b00000,0x00000001f1c00000)]
  0x00000185b935d240 JavaThread "Reference Handler" daemon [_thread_blocked, id=22796, stack(0x00000001f2200000,0x00000001f2300000)]
  0x00000185b935d920 JavaThread "Finalizer" daemon [_thread_blocked, id=26340, stack(0x00000001f2300000,0x00000001f2400000)]
  0x00000185b9380300 JavaThread "Signal Dispatcher" daemon [_thread_blocked, id=3056, stack(0x00000001f2400000,0x00000001f2500000)]
  0x00000185b9383f90 JavaThread "Attach Listener" daemon [_thread_blocked, id=26092, stack(0x00000001f2500000,0x00000001f2600000)]
  0x00000185b9384470 JavaThread "Service Thread" daemon [_thread_blocked, id=28748, stack(0x00000001f2600000,0x00000001f2700000)]
  0x00000185b938b980 JavaThread "Monitor Deflation Thread" daemon [_thread_blocked, id=19916, stack(0x00000001f2700000,0x00000001f2800000)]
  0x00000185b938c270 JavaThread "C1 CompilerThread0" daemon [_thread_blocked, id=29316, stack(0x00000001f2800000,0x00000001f2900000)]
  0x00000185b938c790 JavaThread "Sweeper thread" daemon [_thread_blocked, id=20852, stack(0x00000001f2900000,0x00000001f2a00000)]
  0x00000185b9343050 JavaThread "Common-Cleaner" daemon [_thread_blocked, id=22360, stack(0x00000001f2a00000,0x00000001f2b00000)]
  0x00000185b95c5e00 JavaThread "Notification Thread" daemon [_thread_blocked, id=28924, stack(0x00000001f2b00000,0x00000001f2c00000)]
  0x00000185ff323a60 JavaThread "RMI TCP Accept-0" daemon [_thread_in_native, id=14796, stack(0x00000001f2c00000,0x00000001f2d00000)]
  0x00000185ff31edf0 JavaThread "RMI TCP Accept-59206" daemon [_thread_in_native, id=26784, stack(0x00000001f2d00000,0x00000001f2e00000)]
  0x00000185ff331380 JavaThread "RMI TCP Accept-0" daemon [_thread_in_native, id=11020, stack(0x00000001f2e00000,0x00000001f2f00000)]
  0x00000185801109f0 JavaThread "RMI TCP Connection(1)-127.0.0.1" daemon [_thread_in_native, id=2900, stack(0x00000001f3a00000,0x00000001f3b00000)]
  0x000001858010f8a0 JavaThread "RMI Scheduler(0)" daemon [_thread_blocked, id=27592, stack(0x00000001f3b00000,0x00000001f3c00000)]
  0x0000018580105190 JavaThread "RMI TCP Connection(2)-127.0.0.1" daemon [_thread_in_vm, id=20448, stack(0x00000001f3c00000,0x00000001f3d00000)]
=>0x00000185801056a0 JavaThread "background-preinit" [_thread_in_vm, id=21688, stack(0x00000001f3e00000,0x00000001f3f00000)]
  0x0000018580103d50 JavaThread "JMX server connection timeout 25" daemon [_thread_blocked, id=3544, stack(0x00000001f3f00000,0x00000001f4000000)]

Other Threads:
  0x00000185b9352250 VMThread "VM Thread" [stack: 0x00000001f2100000,0x00000001f2200000] [id=25188] _threads_hazard_ptr=0x000001858020f250
  0x00000185a75cddc0 WatcherThread [stack: 0x00000001f2f00000,0x00000001f3000000] [id=24312]
  0x00000185a76084b0 GCTaskThread "GC Thread#0" [stack: 0x00000001f1c00000,0x00000001f1d00000] [id=29504]
  0x00000185ff3f12f0 GCTaskThread "GC Thread#1" [stack: 0x00000001f3000000,0x00000001f3100000] [id=29456]
  0x00000185ff66a460 GCTaskThread "GC Thread#2" [stack: 0x00000001f3100000,0x00000001f3200000] [id=17496]
  0x00000185ff6d11e0 GCTaskThread "GC Thread#3" [stack: 0x00000001f3200000,0x00000001f3300000] [id=7776]
  0x00000185ff6d14a0 GCTaskThread "GC Thread#4" [stack: 0x00000001f3300000,0x00000001f3400000] [id=16424]
  0x00000185ff6d1760 GCTaskThread "GC Thread#5" [stack: 0x00000001f3400000,0x00000001f3500000] [id=24448]
  0x00000185ff6d5a30 GCTaskThread "GC Thread#6" [stack: 0x00000001f3500000,0x00000001f3600000] [id=5892]
  0x00000185ff6d5cf0 GCTaskThread "GC Thread#7" [stack: 0x00000001f3600000,0x00000001f3700000] [id=21336]
  0x00000185ff7e2030 GCTaskThread "GC Thread#8" [stack: 0x00000001f3900000,0x00000001f3a00000] [id=19996]
  0x000001858010f550 GCTaskThread "GC Thread#9" [stack: 0x00000001f3d00000,0x00000001f3e00000] [id=19908]
  0x00000185a7611c80 ConcurrentGCThread "G1 Main Marker" [stack: 0x00000001f1d00000,0x00000001f1e00000] [id=4688]
  0x00000185a76145c0 ConcurrentGCThread "G1 Conc#0" [stack: 0x00000001f1e00000,0x00000001f1f00000] [id=15148]
  0x00000185a766e1a0 ConcurrentGCThread "G1 Refine#0" [stack: 0x00000001f1f00000,0x00000001f2000000] [id=28144]
  0x00000185ff65f1c0 ConcurrentGCThread "G1 Refine#1" [stack: 0x00000001f3700000,0x00000001f3800000] [id=28836]
  0x00000185b9614850 ConcurrentGCThread "G1 Refine#2" [stack: 0x00000001f3800000,0x00000001f3900000] [id=29152]
  0x00000185a766e590 ConcurrentGCThread "G1 Service" [stack: 0x00000001f2000000,0x00000001f2100000] [id=2920]

Threads with active compile tasks:

VM state: synchronizing (normal execution)

VM Mutex/Monitor currently owned by a thread:  ([mutex/lock_event])
[0x00000185a75c8ab0] Metaspace_lock - owner thread: 0x00000185801056a0
[0x00000185a75c9050] Threads_lock - owner thread: 0x00000185b9352250

Heap address: 0x00000000c5800000, size: 936 MB, Compressed Oops mode: 32-bit

CDS archive(s) mapped at: [0x00000185ba000000-0x00000185babb0000-0x00000185babb0000), size 12255232, SharedBaseAddress: 0x00000185ba000000, ArchiveRelocationMode: 1.
Compressed class space mapped at: 0x00000185bb000000-0x00000185fb000000, reserved size: 1073741824
Narrow klass base: 0x00000185ba000000, Narrow klass shift: 0, Narrow klass range: 0x100000000

GC Precious Log:
 CPUs: 12 total, 12 available
 Memory: 3739M
 Large Page Support: Disabled
 NUMA Support: Disabled
 Compressed Oops: Enabled (32-bit)
 Heap Region Size: 1M
 Heap Min Capacity: 8M
 Heap Initial Capacity: 60M
 Heap Max Capacity: 936M
 Pre-touch: Disabled
 Parallel Workers: 10
 Concurrent Workers: 3
 Concurrent Refinement Workers: 10
 Periodic GC: Disabled

Heap:
 garbage-first heap   total 61440K, used 19768K [0x00000000c5800000, 0x0000000100000000)
  region size 1024K, 6 young (6144K), 3 survivors (3072K)
 Metaspace       used 17484K, committed 17856K, reserved 1114112K
  class space    used 2366K, committed 2560K, reserved 1048576K

Heap Regions: E=young(eden), S=young(survivor), O=old, HS=humongous(starts), HC=humongous(continues), CS=collection set, F=free, OA=open archive, CA=closed archive, TAMS=top-at-mark-start (previous, next)
|   0|0x00000000c5800000, 0x00000000c5900000, 0x00000000c5900000|100%|HS|  |TAMS 0x00000000c5800000, 0x00000000c5800000| Complete 
|   1|0x00000000c5900000, 0x00000000c5a00000, 0x00000000c5a00000|100%| O|  |TAMS 0x00000000c5900000, 0x00000000c5900000| Untracked 
|   2|0x00000000c5a00000, 0x00000000c5b00000, 0x00000000c5b00000|100%| O|  |TAMS 0x00000000c5a00000, 0x00000000c5a00000| Untracked 
|   3|0x00000000c5b00000, 0x00000000c5c00000, 0x00000000c5c00000|100%| O|  |TAMS 0x00000000c5b00000, 0x00000000c5b00000| Untracked 
|   4|0x00000000c5c00000, 0x00000000c5d00000, 0x00000000c5d00000|100%| O|  |TAMS 0x00000000c5c00000, 0x00000000c5c00000| Untracked 
|   5|0x00000000c5d00000, 0x00000000c5e00000, 0x00000000c5e00000|100%| O|  |TAMS 0x00000000c5d00000, 0x00000000c5d00000| Untracked 
|   6|0x00000000c5e00000, 0x00000000c5f00000, 0x00000000c5f00000|100%| O|  |TAMS 0x00000000c5e00000, 0x00000000c5e00000| Untracked 
|   7|0x00000000c5f00000, 0x00000000c6000000, 0x00000000c6000000|100%| O|  |TAMS 0x00000000c5f00000, 0x00000000c5f00000| Untracked 
|   8|0x00000000c6000000, 0x00000000c6100000, 0x00000000c6100000|100%|HS|  |TAMS 0x00000000c6000000, 0x00000000c6000000| Complete 
|   9|0x00000000c6100000, 0x00000000c6200000, 0x00000000c6200000|100%|HS|  |TAMS 0x00000000c6100000, 0x00000000c6100000| Complete 
|  10|0x00000000c6200000, 0x00000000c6300000, 0x00000000c6300000|100%| O|  |TAMS 0x00000000c6200000, 0x00000000c6200000| Untracked 
|  11|0x00000000c6300000, 0x00000000c6400000, 0x00000000c6400000|100%| O|  |TAMS 0x00000000c6300000, 0x00000000c6300000| Untracked 
|  12|0x00000000c6400000, 0x00000000c6500000, 0x00000000c6500000|100%| O|  |TAMS 0x00000000c6400000, 0x00000000c6400000| Untracked 
|  13|0x00000000c6500000, 0x00000000c6600000, 0x00000000c6600000|100%| O|  |TAMS 0x00000000c6500000, 0x00000000c6500000| Untracked 
|  14|0x00000000c6600000, 0x00000000c6681400, 0x00000000c6700000| 50%| O|  |TAMS 0x00000000c6600000, 0x00000000c6600000| Untracked 
|  15|0x00000000c6700000, 0x00000000c6700000, 0x00000000c6800000|  0%| F|  |TAMS 0x00000000c6700000, 0x00000000c6700000| Untracked 
|  16|0x00000000c6800000, 0x00000000c6800000, 0x00000000c6900000|  0%| F|  |TAMS 0x00000000c6800000, 0x00000000c6800000| Untracked 
|  17|0x00000000c6900000, 0x00000000c6900000, 0x00000000c6a00000|  0%| F|  |TAMS 0x00000000c6900000, 0x00000000c6900000| Untracked 
|  18|0x00000000c6a00000, 0x00000000c6a00000, 0x00000000c6b00000|  0%| F|  |TAMS 0x00000000c6a00000, 0x00000000c6a00000| Untracked 
|  19|0x00000000c6b00000, 0x00000000c6b00000, 0x00000000c6c00000|  0%| F|  |TAMS 0x00000000c6b00000, 0x00000000c6b00000| Untracked 
|  20|0x00000000c6c00000, 0x00000000c6c00000, 0x00000000c6d00000|  0%| F|  |TAMS 0x00000000c6c00000, 0x00000000c6c00000| Untracked 
|  21|0x00000000c6d00000, 0x00000000c6d00000, 0x00000000c6e00000|  0%| F|  |TAMS 0x00000000c6d00000, 0x00000000c6d00000| Untracked 
|  22|0x00000000c6e00000, 0x00000000c6e00000, 0x00000000c6f00000|  0%| F|  |TAMS 0x00000000c6e00000, 0x00000000c6e00000| Untracked 
|  23|0x00000000c6f00000, 0x00000000c6f00000, 0x00000000c7000000|  0%| F|  |TAMS 0x00000000c6f00000, 0x00000000c6f00000| Untracked 
|  24|0x00000000c7000000, 0x00000000c7000000, 0x00000000c7100000|  0%| F|  |TAMS 0x00000000c7000000, 0x00000000c7000000| Untracked 
|  25|0x00000000c7100000, 0x00000000c7100000, 0x00000000c7200000|  0%| F|  |TAMS 0x00000000c7100000, 0x00000000c7100000| Untracked 
|  26|0x00000000c7200000, 0x00000000c7200000, 0x00000000c7300000|  0%| F|  |TAMS 0x00000000c7200000, 0x00000000c7200000| Untracked 
|  27|0x00000000c7300000, 0x00000000c7300000, 0x00000000c7400000|  0%| F|  |TAMS 0x00000000c7300000, 0x00000000c7300000| Untracked 
|  28|0x00000000c7400000, 0x00000000c7400000, 0x00000000c7500000|  0%| F|  |TAMS 0x00000000c7400000, 0x00000000c7400000| Untracked 
|  29|0x00000000c7500000, 0x00000000c7500000, 0x00000000c7600000|  0%| F|  |TAMS 0x00000000c7500000, 0x00000000c7500000| Untracked 
|  30|0x00000000c7600000, 0x00000000c7600000, 0x00000000c7700000|  0%| F|  |TAMS 0x00000000c7600000, 0x00000000c7600000| Untracked 
|  31|0x00000000c7700000, 0x00000000c7700000, 0x00000000c7800000|  0%| F|  |TAMS 0x00000000c7700000, 0x00000000c7700000| Untracked 
|  32|0x00000000c7800000, 0x00000000c7800000, 0x00000000c7900000|  0%| F|  |TAMS 0x00000000c7800000, 0x00000000c7800000| Untracked 
|  33|0x00000000c7900000, 0x00000000c7900000, 0x00000000c7a00000|  0%| F|  |TAMS 0x00000000c7900000, 0x00000000c7900000| Untracked 
|  34|0x00000000c7a00000, 0x00000000c7a00000, 0x00000000c7b00000|  0%| F|  |TAMS 0x00000000c7a00000, 0x00000000c7a00000| Untracked 
|  35|0x00000000c7b00000, 0x00000000c7bcccd8, 0x00000000c7c00000| 80%| S|CS|TAMS 0x00000000c7b00000, 0x00000000c7b00000| Complete 
|  36|0x00000000c7c00000, 0x00000000c7d00000, 0x00000000c7d00000|100%| S|CS|TAMS 0x00000000c7c00000, 0x00000000c7c00000| Complete 
|  37|0x00000000c7d00000, 0x00000000c7d00000, 0x00000000c7e00000|  0%| F|  |TAMS 0x00000000c7d00000, 0x00000000c7d00000| Untracked 
|  38|0x00000000c7e00000, 0x00000000c7f00000, 0x00000000c7f00000|100%| S|CS|TAMS 0x00000000c7e00000, 0x00000000c7e00000| Complete 
|  39|0x00000000c7f00000, 0x00000000c7f00000, 0x00000000c8000000|  0%| F|  |TAMS 0x00000000c7f00000, 0x00000000c7f00000| Untracked 
|  40|0x00000000c8000000, 0x00000000c8000000, 0x00000000c8100000|  0%| F|  |TAMS 0x00000000c8000000, 0x00000000c8000000| Untracked 
|  41|0x00000000c8100000, 0x00000000c8100000, 0x00000000c8200000|  0%| F|  |TAMS 0x00000000c8100000, 0x00000000c8100000| Untracked 
|  42|0x00000000c8200000, 0x00000000c8200000, 0x00000000c8300000|  0%| F|  |TAMS 0x00000000c8200000, 0x00000000c8200000| Untracked 
|  43|0x00000000c8300000, 0x00000000c8300000, 0x00000000c8400000|  0%| F|  |TAMS 0x00000000c8300000, 0x00000000c8300000| Untracked 
|  44|0x00000000c8400000, 0x00000000c8400000, 0x00000000c8500000|  0%| F|  |TAMS 0x00000000c8400000, 0x00000000c8400000| Untracked 
|  45|0x00000000c8500000, 0x00000000c8500000, 0x00000000c8600000|  0%| F|  |TAMS 0x00000000c8500000, 0x00000000c8500000| Untracked 
|  46|0x00000000c8600000, 0x00000000c8600000, 0x00000000c8700000|  0%| F|  |TAMS 0x00000000c8600000, 0x00000000c8600000| Untracked 
|  47|0x00000000c8700000, 0x00000000c8700000, 0x00000000c8800000|  0%| F|  |TAMS 0x00000000c8700000, 0x00000000c8700000| Untracked 
|  48|0x00000000c8800000, 0x00000000c8800000, 0x00000000c8900000|  0%| F|  |TAMS 0x00000000c8800000, 0x00000000c8800000| Untracked 
|  49|0x00000000c8900000, 0x00000000c8900000, 0x00000000c8a00000|  0%| F|  |TAMS 0x00000000c8900000, 0x00000000c8900000| Untracked 
|  50|0x00000000c8a00000, 0x00000000c8a00000, 0x00000000c8b00000|  0%| F|  |TAMS 0x00000000c8a00000, 0x00000000c8a00000| Untracked 
|  51|0x00000000c8b00000, 0x00000000c8b00000, 0x00000000c8c00000|  0%| F|  |TAMS 0x00000000c8b00000, 0x00000000c8b00000| Untracked 
|  52|0x00000000c8c00000, 0x00000000c8c00000, 0x00000000c8d00000|  0%| F|  |TAMS 0x00000000c8c00000, 0x00000000c8c00000| Untracked 
|  53|0x00000000c8d00000, 0x00000000c8d00000, 0x00000000c8e00000|  0%| F|  |TAMS 0x00000000c8d00000, 0x00000000c8d00000| Untracked 
|  54|0x00000000c8e00000, 0x00000000c8e00000, 0x00000000c8f00000|  0%| F|  |TAMS 0x00000000c8e00000, 0x00000000c8e00000| Untracked 
|  55|0x00000000c8f00000, 0x00000000c8f00000, 0x00000000c9000000|  0%| F|  |TAMS 0x00000000c8f00000, 0x00000000c8f00000| Untracked 
|  56|0x00000000c9000000, 0x00000000c9000000, 0x00000000c9100000|  0%| F|  |TAMS 0x00000000c9000000, 0x00000000c9000000| Untracked 
|  57|0x00000000c9100000, 0x00000000c919f2f0, 0x00000000c9200000| 62%| E|  |TAMS 0x00000000c9100000, 0x00000000c9100000| Complete 
|  58|0x00000000c9200000, 0x00000000c9300000, 0x00000000c9300000|100%| E|CS|TAMS 0x00000000c9200000, 0x00000000c9200000| Complete 
|  59|0x00000000c9300000, 0x00000000c9400000, 0x00000000c9400000|100%| E|CS|TAMS 0x00000000c9300000, 0x00000000c9300000| Complete 

Card table byte_map: [0x00000185b4610000,0x00000185b47f0000] _byte_map_base: 0x00000185b3fe4000

Marking Bits (Prev, Next): (CMBitMap*) 0x00000185a76089e0, (CMBitMap*) 0x00000185a7608a20
 Prev Bits: [0x00000185b49d0000, 0x00000185b5870000)
 Next Bits: [0x00000185b5870000, 0x00000185b6710000)

Polling page: 0x00000185a72f0000

Metaspace:

Usage:
  Non-class:     14.76 MB used.
      Class:      2.31 MB used.
       Both:     17.07 MB used.

Virtual space:
  Non-class space:       64.00 MB reserved,      14.94 MB ( 23%) committed,  1 nodes.
      Class space:        1.00 GB reserved,       2.50 MB ( <1%) committed,  1 nodes.
             Both:        1.06 GB reserved,      17.44 MB (  2%) committed. 

Chunk freelists:
   Non-Class:  624.00 KB
       Class:  13.48 MB
        Both:  14.09 MB

MaxMetaspaceSize: unlimited
CompressedClassSpaceSize: 1.00 GB
Initial GC threshold: 21.00 MB
Current GC threshold: 21.00 MB
CDS: on
MetaspaceReclaimPolicy: balanced
 - commit_granule_bytes: 65536.
 - commit_granule_words: 8192.
 - virtual_space_node_default_size: 8388608.
 - enlarge_chunks_in_place: 1.
 - new_chunks_are_fully_committed: 0.
 - uncommit_free_chunks: 1.
 - use_allocation_guard: 0.
 - handle_deallocations: 1.


Internal statistics:

num_allocs_failed_limit: 0.
num_arena_births: 410.
num_arena_deaths: 0.
num_vsnodes_births: 2.
num_vsnodes_deaths: 0.
num_space_committed: 279.
num_space_uncommitted: 0.
num_chunks_returned_to_freelist: 0.
num_chunks_taken_from_freelist: 898.
num_chunk_merges: 0.
num_chunk_splits: 613.
num_chunks_enlarged: 440.
num_inconsistent_stats: 0.

CodeCache: size=49152Kb used=4677Kb max_used=4677Kb free=44474Kb
 bounds [0x00000185b0910000, 0x00000185b0db0000, 0x00000185b3910000]
 total_blobs=2861 nmethods=2349 adapters=439
 compilation: enabled
              stopped_count=0, restarted_count=0
 full_count=0

Compilation events (20 events):
Event: 7.486 Thread 0x00000185b938c270 2341       1       org.springframework.core.annotation.PackagesAnnotationFilter::matches (42 bytes)
Event: 7.486 Thread 0x00000185b938c270 nmethod 2341 0x00000185b0d9d610 code [0x00000185b0d9d7c0, 0x00000185b0d9d948]
Event: 7.486 Thread 0x00000185b938c270 2340       1       org.springframework.core.annotation.AnnotationTypeMapping::getDistance (5 bytes)
Event: 7.487 Thread 0x00000185b938c270 nmethod 2340 0x00000185b0d9da90 code [0x00000185b0d9dc20, 0x00000185b0d9dcf8]
Event: 7.488 Thread 0x00000185b938c270 2342       1       org.springframework.core.annotation.AnnotationFilter::matches (11 bytes)
Event: 7.488 Thread 0x00000185b938c270 nmethod 2342 0x00000185b0d9dd90 code [0x00000185b0d9df40, 0x00000185b0d9e078]
Event: 7.494 Thread 0x00000185b938c270 2343       1       org.springframework.core.OrderComparator::getOrder (111 bytes)
Event: 7.494 Thread 0x00000185b938c270 nmethod 2343 0x00000185b0d9e190 code [0x00000185b0d9e3a0, 0x00000185b0d9e6d8]
Event: 7.495 Thread 0x00000185b938c270 2344       1       org.springframework.core.OrderComparator::getOrder (22 bytes)
Event: 7.495 Thread 0x00000185b938c270 nmethod 2344 0x00000185b0d9e910 code [0x00000185b0d9eac0, 0x00000185b0d9ebe8]
Event: 7.495 Thread 0x00000185b938c270 2345       1       org.springframework.core.annotation.AnnotationAwareOrderComparator::findOrder (18 bytes)
Event: 7.495 Thread 0x00000185b938c270 nmethod 2345 0x00000185b0d9ec90 code [0x00000185b0d9ee60, 0x00000185b0d9f0a8]
Event: 7.495 Thread 0x00000185b938c270 2346       1       org.springframework.core.OrderComparator::findOrder (26 bytes)
Event: 7.496 Thread 0x00000185b938c270 nmethod 2346 0x00000185b0d9f190 code [0x00000185b0d9f360, 0x00000185b0d9f5e8]
Event: 7.496 Thread 0x00000185b938c270 2348       1       ch.qos.logback.classic.spi.LogbackServiceProvider::getLoggerFactory (5 bytes)
Event: 7.496 Thread 0x00000185b938c270 nmethod 2348 0x00000185b0d9f710 code [0x00000185b0d9f8a0, 0x00000185b0d9f978]
Event: 7.496 Thread 0x00000185b938c270 2347       1       java.util.LinkedHashMap::afterNodeAccess (116 bytes)
Event: 7.496 Thread 0x00000185b938c270 nmethod 2347 0x00000185b0d9fa10 code [0x00000185b0d9fbe0, 0x00000185b0da0018]
Event: 7.845 Thread 0x00000185b938c270 2349       1       jdk.internal.reflect.ClassFileAssembler::emitConstantPoolMethodref (28 bytes)
Event: 7.846 Thread 0x00000185b938c270 nmethod 2349 0x00000185b0da0d90 code [0x00000185b0da0f80, 0x00000185b0da12a8]

GC Heap History (8 events):
Event: 3.018 GC heap before
{Heap before GC invocations=0 (full 0):
 garbage-first heap   total 61440K, used 25600K [0x00000000c5800000, 0x0000000100000000)
  region size 1024K, 23 young (23552K), 0 survivors (0K)
 Metaspace       used 5974K, committed 6144K, reserved 1114112K
  class space    used 752K, committed 832K, reserved 1048576K
}
Event: 3.041 GC heap after
{Heap after GC invocations=1 (full 0):
 garbage-first heap   total 61440K, used 10024K [0x00000000c5800000, 0x0000000100000000)
  region size 1024K, 3 young (3072K), 3 survivors (3072K)
 Metaspace       used 5974K, committed 6144K, reserved 1114112K
  class space    used 752K, committed 832K, reserved 1048576K
}
Event: 3.687 GC heap before
{Heap before GC invocations=1 (full 0):
 garbage-first heap   total 61440K, used 32552K [0x00000000c5800000, 0x0000000100000000)
  region size 1024K, 22 young (22528K), 3 survivors (3072K)
 Metaspace       used 9064K, committed 9344K, reserved 1114112K
  class space    used 1136K, committed 1280K, reserved 1048576K
}
Event: 3.698 GC heap after
{Heap after GC invocations=2 (full 0):
 garbage-first heap   total 61440K, used 14613K [0x00000000c5800000, 0x0000000100000000)
  region size 1024K, 3 young (3072K), 3 survivors (3072K)
 Metaspace       used 9064K, committed 9344K, reserved 1114112K
  class space    used 1136K, committed 1280K, reserved 1048576K
}
Event: 5.637 GC heap before
{Heap before GC invocations=2 (full 0):
 garbage-first heap   total 61440K, used 33045K [0x00000000c5800000, 0x0000000100000000)
  region size 1024K, 21 young (21504K), 3 survivors (3072K)
 Metaspace       used 12544K, committed 12864K, reserved 1114112K
  class space    used 1707K, committed 1856K, reserved 1048576K
}
Event: 5.653 GC heap after
{Heap after GC invocations=3 (full 0):
 garbage-first heap   total 61440K, used 16712K [0x00000000c5800000, 0x0000000100000000)
  region size 1024K, 2 young (2048K), 2 survivors (2048K)
 Metaspace       used 12544K, committed 12864K, reserved 1114112K
  class space    used 1707K, committed 1856K, reserved 1048576K
}
Event: 7.472 GC heap before
{Heap before GC invocations=3 (full 0):
 garbage-first heap   total 61440K, used 36168K [0x00000000c5800000, 0x0000000100000000)
  region size 1024K, 22 young (22528K), 2 survivors (2048K)
 Metaspace       used 16983K, committed 17344K, reserved 1114112K
  class space    used 2280K, committed 2432K, reserved 1048576K
}
Event: 7.477 GC heap after
{Heap after GC invocations=4 (full 0):
 garbage-first heap   total 61440K, used 17720K [0x00000000c5800000, 0x0000000100000000)
  region size 1024K, 3 young (3072K), 3 survivors (3072K)
 Metaspace       used 16983K, committed 17344K, reserved 1114112K
  class space    used 2280K, committed 2432K, reserved 1048576K
}

Dll operation events (9 events):
Event: 0.132 Loaded shared library C:\Program Files\Eclipse Adoptium\jdk-17.0.18.8-hotspot\bin\java.dll
Event: 0.350 Loaded shared library C:\Program Files\Eclipse Adoptium\jdk-17.0.18.8-hotspot\bin\jsvml.dll
Event: 0.823 Loaded shared library C:\Program Files\Eclipse Adoptium\jdk-17.0.18.8-hotspot\bin\jimage.dll
Event: 0.878 Loaded shared library C:\Program Files\Eclipse Adoptium\jdk-17.0.18.8-hotspot\bin\net.dll
Event: 0.897 Loaded shared library C:\Program Files\Eclipse Adoptium\jdk-17.0.18.8-hotspot\bin\nio.dll
Event: 0.908 Loaded shared library C:\Program Files\Eclipse Adoptium\jdk-17.0.18.8-hotspot\bin\zip.dll
Event: 1.238 Loaded shared library C:\Program Files\Eclipse Adoptium\jdk-17.0.18.8-hotspot\bin\management.dll
Event: 1.309 Loaded shared library C:\Program Files\Eclipse Adoptium\jdk-17.0.18.8-hotspot\bin\management_ext.dll
Event: 2.337 Loaded shared library C:\Program Files\Eclipse Adoptium\jdk-17.0.18.8-hotspot\bin\extnet.dll

Deoptimization events (0 events):
No events

Classes loaded (20 events):
Event: 7.331 Loading class java/time/ZonedDateTime$1
Event: 7.331 Loading class java/time/ZonedDateTime$1 done
Event: 7.356 Loading class org/xml/sax/EntityResolver
Event: 7.359 Loading class org/xml/sax/EntityResolver done
Event: 7.365 Loading class org/xml/sax/SAXParseException
Event: 7.365 Loading class sun/text/resources/cldr/FormatData_en_US
Event: 7.365 Loading class sun/text/resources/cldr/FormatData_en_US done
Event: 7.366 Loading class org/xml/sax/SAXException
Event: 7.367 Loading class org/xml/sax/SAXException done
Event: 7.367 Loading class org/xml/sax/SAXParseException done
Event: 7.367 Loading class javax/xml/parsers/ParserConfigurationException
Event: 7.369 Loading class javax/xml/parsers/ParserConfigurationException done
Event: 7.371 Loading class org/xml/sax/ErrorHandler
Event: 7.371 Loading class org/xml/sax/ErrorHandler done
Event: 7.380 Loading class java/io/CharConversionException
Event: 7.380 Loading class java/io/CharConversionException done
Event: 7.390 Loading class java/io/CharArrayReader
Event: 7.390 Loading class java/io/CharArrayReader done
Event: 7.417 Loading class java/lang/annotation/Repeatable
Event: 7.418 Loading class java/lang/annotation/Repeatable done

Classes unloaded (0 events):
No events

Classes redefined (0 events):
No events

Internal exceptions (20 events):
Event: 4.462 Thread 0x00000185a75cd130 Exception <a 'java/lang/NoSuchMethodError'{0x00000000c88522a0}: 'int java.lang.invoke.DirectMethodHandle$Holder.invokeStatic(java.lang.Object, long)'> (0x00000000c88522a0) 
thrown [s\src\hotspot\share\interpreter\linkResolver.cpp, line 759]
Event: 4.468 Thread 0x00000185a75cd130 Exception <a 'java/lang/NoSuchMethodError'{0x00000000c8876768}: 'int java.lang.invoke.Invokers$Holder.linkToTargetMethod(java.lang.Object, java.lang.Object)'> (0x00000000c8876768) 
thrown [s\src\hotspot\share\interpreter\linkResolver.cpp, line 759]
Event: 4.507 Thread 0x00000185a75cd130 Exception <a 'java/lang/NoSuchMethodError'{0x00000000c8707428}: 'java.lang.Object java.lang.invoke.DirectMethodHandle$Holder.invokeSpecial(java.lang.Object, java.lang.Object, java.lang.Object, int, java.lang.Object)'> (0x00000000c8707428) 
thrown [s\src\hotspot\share\interpreter\linkResolver.cpp, line 759]
Event: 4.509 Thread 0x00000185a75cd130 Exception <a 'java/lang/NoSuchMethodError'{0x00000000c870f990}: 'java.lang.Object java.lang.invoke.DirectMethodHandle$Holder.newInvokeSpecial(java.lang.Object, java.lang.Object, java.lang.Object, int, java.lang.Object)'> (0x00000000c870f990) 
thrown [s\src\hotspot\share\interpreter\linkResolver.cpp, line 759]
Event: 4.510 Thread 0x00000185a75cd130 Exception <a 'java/lang/NoSuchMethodError'{0x00000000c8717360}: 'java.lang.Object java.lang.invoke.Invokers$Holder.linkToTargetMethod(java.lang.Object, java.lang.Object, int, java.lang.Object, java.lang.Object)'> (0x00000000c8717360) 
thrown [s\src\hotspot\share\interpreter\linkResolver.cpp, line 759]
Event: 4.513 Thread 0x00000185a75cd130 Exception <a 'java/lang/NoSuchMethodError'{0x00000000c8728268}: 'java.lang.Object java.lang.invoke.DirectMethodHandle$Holder.newInvokeSpecial(java.lang.Object, int, java.lang.Object)'> (0x00000000c8728268) 
thrown [s\src\hotspot\share\interpreter\linkResolver.cpp, line 759]
Event: 4.513 Thread 0x00000185a75cd130 Exception <a 'java/lang/NoSuchMethodError'{0x00000000c872c028}: 'int java.lang.invoke.DirectMethodHandle$Holder.invokeSpecialIFC(java.lang.Object, java.lang.Object, java.lang.Object, java.lang.Object)'> (0x00000000c872c028) 
thrown [s\src\hotspot\share\interpreter\linkResolver.cpp, line 759]
Event: 4.591 Thread 0x00000185a75cd130 Exception <a 'java/lang/NoSuchMethodError'{0x00000000c87d6a10}: 'void java.lang.invoke.DirectMethodHandle$Holder.invokeInterface(java.lang.Object, java.lang.Object, java.lang.Object)'> (0x00000000c87d6a10) 
thrown [s\src\hotspot\share\interpreter\linkResolver.cpp, line 759]
Event: 4.681 Thread 0x00000185a75cd130 Exception <a 'java/lang/NoSuchMethodError'{0x00000000c86649e0}: 'java.lang.Object java.lang.invoke.DirectMethodHandle$Holder.invokeSpecial(java.lang.Object, java.lang.Object, java.lang.Object, java.lang.Object, java.lang.Object, java.lang.Object, java.lang.Object, java.lang.Object, java.lang.Object)'> (0x00000000c86649e0) 
thrown [s\src\hotspot\share\interpreter\linkResolver.cpp, line 759]
Event: 4.682 Thread 0x00000185a75cd130 Exception <a 'java/lang/NoSuchMethodError'{0x00000000c8669308}: 'java.lang.Object java.lang.invoke.Invokers$Holder.invoke_MT(java.lang.Object, java.lang.Object, java.lang.Object, java.lang.Object, java.lang.Object, java.lang.Object, java.lang.Object, java.lang.Object, java.lang.Object)'> (0x00000000c8669308) 
thrown [s\src\hotspot\share\interpreter\linkResolver.cpp, line 759]
Event: 5.348 Thread 0x00000185a75cd130 Exception <a 'java/lang/NoSuchMethodError'{0x00000000c85cd7b0}: 'java.lang.Object java.lang.invoke.DirectMethodHandle$Holder.invokeVirtual(java.lang.Object, java.lang.Object, java.lang.Object)'> (0x00000000c85cd7b0) 
thrown [s\src\hotspot\share\interpreter\linkResolver.cpp, line 759]
Event: 5.405 Thread 0x00000185a75cd130 Exception <a 'java/lang/NoSuchMethodError'{0x00000000c84d9428}: 'void java.lang.invoke.DirectMethodHandle$Holder.invokeStatic(java.lang.Object, java.lang.Object, int)'> (0x00000000c84d9428) 
thrown [s\src\hotspot\share\interpreter\linkResolver.cpp, line 759]
Event: 5.413 Thread 0x00000185a75cd130 Exception <a 'java/lang/NoSuchMethodError'{0x00000000c84ecbd0}: 'void java.lang.invoke.DirectMethodHandle$Holder.invokeStaticInit(java.lang.Object, java.lang.Object, java.lang.Object)'> (0x00000000c84ecbd0) 
thrown [s\src\hotspot\share\interpreter\linkResolver.cpp, line 759]
Event: 5.537 Thread 0x0000018580105190 Exception <a 'java/lang/NoSuchMethodError'{0x00000000c8264008}: static [B.<clinit>()V> (0x00000000c8264008) 
thrown [s\src\hotspot\share\prims\jni.cpp, line 1112]
Event: 5.562 Thread 0x00000185a75cd130 Exception <a 'java/lang/NoSuchMethodError'{0x00000000c821d240}: 'java.lang.Object java.lang.invoke.DirectMethodHandle$Holder.newInvokeSpecial(java.lang.Object, long)'> (0x00000000c821d240) 
thrown [s\src\hotspot\share\interpreter\linkResolver.cpp, line 759]
Event: 5.565 Thread 0x00000185a75cd130 Exception <a 'java/lang/NoSuchMethodError'{0x00000000c8224ad8}: 'void java.lang.invoke.DirectMethodHandle$Holder.invokeVirtual(java.lang.Object, java.lang.Object, java.lang.Object, java.lang.Object)'> (0x00000000c8224ad8) 
thrown [s\src\hotspot\share\interpreter\linkResolver.cpp, line 759]
Event: 5.637 Thread 0x00000185a75cd130 Exception <a 'java/lang/NoSuchMethodError'{0x00000000c82fdaa0}: 'java.lang.Object java.lang.invoke.DirectMethodHandle$Holder.invokeSpecial(java.lang.Object, java.lang.Object, long, java.lang.Object, java.lang.Object, java.lang.Object, java.lang.Object, java.lang.Object, java.lang.Object)'> (0x00000000c82fdaa0) 
thrown [s\src\hotspot\share\interpreter\linkResolver.cpp, line 759]
Event: 5.655 Thread 0x00000185a75cd130 Exception <a 'java/lang/NoSuchMethodError'{0x00000000c9302340}: 'java.lang.Object java.lang.invoke.DelegatingMethodHandle$Holder.reinvoke_L(java.lang.Object, long, java.lang.Object, java.lang.Object, java.lang.Object, java.lang.Object, java.lang.Object, java.lang.Object)'> (0x00000000c9302340) 
thrown [s\src\hotspot\share\interpreter\linkResolver.cpp, line 759]
Event: 5.924 Thread 0x00000185a75cd130 Exception <a 'java/lang/IncompatibleClassChangeError'{0x00000000c918b5a8}: Found class java.lang.Object, but interface was expected> (0x00000000c918b5a8) 
thrown [s\src\hotspot\share\interpreter\linkResolver.cpp, line 826]
Event: 7.263 Thread 0x0000018580105190 Exception <a 'java/lang/ClassNotFoundException'{0x00000000c8881c30}: javax/management/remote/rmi/RMIConnectionImpl_Skel> (0x00000000c8881c30) 
thrown [s\src\hotspot\share\classfile\systemDictionary.cpp, line 256]

VM Operations (20 events):
Event: 3.041 Executing VM operation: G1CollectForAllocation done
Event: 3.105 Executing VM operation: HandshakeAllThreads
Event: 3.105 Executing VM operation: HandshakeAllThreads done
Event: 3.564 Executing VM operation: HandshakeAllThreads
Event: 3.564 Executing VM operation: HandshakeAllThreads done
Event: 3.686 Executing VM operation: G1CollectForAllocation
Event: 3.698 Executing VM operation: G1CollectForAllocation done
Event: 4.709 Executing VM operation: Cleanup
Event: 4.710 Executing VM operation: Cleanup done
Event: 5.637 Executing VM operation: G1CollectForAllocation
Event: 5.653 Executing VM operation: G1CollectForAllocation done
Event: 5.874 Executing VM operation: HandshakeAllThreads
Event: 5.874 Executing VM operation: HandshakeAllThreads done
Event: 6.267 Executing VM operation: HandshakeAllThreads
Event: 7.261 Executing VM operation: HandshakeAllThreads done
Event: 7.261 Executing VM operation: Cleanup
Event: 7.261 Executing VM operation: Cleanup done
Event: 7.472 Executing VM operation: G1CollectForAllocation
Event: 7.477 Executing VM operation: G1CollectForAllocation done
Event: 8.478 Executing VM operation: Cleanup

Memory protections (0 events):
No events

Nmethod flushes (0 events):
No events

Events (20 events):
Event: 0.373 Thread 0x00000185a75cd130 Thread added: 0x00000185b935d240
Event: 0.373 Thread 0x00000185a75cd130 Thread added: 0x00000185b935d920
Event: 0.484 Thread 0x00000185a75cd130 Thread added: 0x00000185b9380300
Event: 0.484 Thread 0x00000185a75cd130 Thread added: 0x00000185b9383f90
Event: 0.484 Thread 0x00000185a75cd130 Thread added: 0x00000185b9384470
Event: 0.484 Thread 0x00000185a75cd130 Thread added: 0x00000185b938b980
Event: 0.484 Thread 0x00000185a75cd130 Thread added: 0x00000185b938c270
Event: 0.484 Thread 0x00000185a75cd130 Thread added: 0x00000185b938c790
Event: 0.711 Thread 0x00000185a75cd130 Thread added: 0x00000185b9343050
Event: 0.771 Thread 0x00000185a75cd130 Thread added: 0x00000185b95c5e00
Event: 2.347 Thread 0x00000185a75cd130 Thread added: 0x00000185ff323a60
Event: 2.386 Thread 0x00000185a75cd130 Thread added: 0x00000185ff31edf0
Event: 2.445 Thread 0x00000185a75cd130 Thread added: 0x00000185ff331380
Event: 4.789 Thread 0x00000185ff31edf0 Thread added: 0x00000185801109f0
Event: 5.030 Thread 0x00000185801109f0 Thread added: 0x000001858010f8a0
Event: 5.265 Thread 0x00000185a75cd130 Thread added: 0x00000185800b7fe0
Event: 5.327 Thread 0x00000185800b7fe0 Thread exited: 0x00000185800b7fe0
Event: 5.434 Thread 0x00000185ff323a60 Thread added: 0x0000018580105190
Event: 5.903 Thread 0x00000185a75cd130 Thread added: 0x00000185801056a0
Event: 6.259 Thread 0x0000018580105190 Thread added: 0x0000018580103d50


Dynamic libraries:
0x00007ff78b250000 - 0x00007ff78b25e000 	C:\Program Files\Eclipse Adoptium\jdk-17.0.18.8-hotspot\bin\javaw.exe
0x00007ffe768a0000 - 0x00007ffe76b06000 	C:\WINDOWS\SYSTEM32\ntdll.dll
0x00007ffe753c0000 - 0x00007ffe75489000 	C:\WINDOWS\System32\KERNEL32.DLL
0x00007ffe74090000 - 0x00007ffe74490000 	C:\WINDOWS\System32\KERNELBASE.dll
0x00007ffe73b50000 - 0x00007ffe73c9c000 	C:\WINDOWS\System32\ucrtbase.dll
0x00007ffe53a40000 - 0x00007ffe53a58000 	C:\Program Files\Eclipse Adoptium\jdk-17.0.18.8-hotspot\bin\jli.dll
0x00007ffe53a20000 - 0x00007ffe53a3e000 	C:\Program Files\Eclipse Adoptium\jdk-17.0.18.8-hotspot\bin\VCRUNTIME140.dll
0x00007ffe74740000 - 0x00007ffe74907000 	C:\WINDOWS\System32\USER32.dll
0x00007ffe73ee0000 - 0x00007ffe73f07000 	C:\WINDOWS\System32\win32u.dll
0x00007ffe74e50000 - 0x00007ffe74e7b000 	C:\WINDOWS\System32\GDI32.dll
0x00007ffe4f2e0000 - 0x00007ffe4f572000 	C:\WINDOWS\WinSxS\amd64_microsoft.windows.common-controls_6595b64144ccf1df_6.0.26100.8737_none_3e092eaee333b772\COMCTL32.dll
0x00007ffe744a0000 - 0x00007ffe745c9000 	C:\WINDOWS\System32\gdi32full.dll
0x00007ffe75d90000 - 0x00007ffe75e39000 	C:\WINDOWS\System32\msvcrt.dll
0x00007ffe73d70000 - 0x00007ffe73e13000 	C:\WINDOWS\System32\msvcp_win.dll
0x00007ffe745d0000 - 0x00007ffe74602000 	C:\WINDOWS\System32\IMM32.DLL
0x00007ffe5c400000 - 0x00007ffe5c40c000 	C:\Program Files\Eclipse Adoptium\jdk-17.0.18.8-hotspot\bin\vcruntime140_1.dll
0x00007ffe46760000 - 0x00007ffe467ed000 	C:\Program Files\Eclipse Adoptium\jdk-17.0.18.8-hotspot\bin\msvcp140.dll
0x00007ffd7d910000 - 0x00007ffd7e57b000 	C:\Program Files\Eclipse Adoptium\jdk-17.0.18.8-hotspot\bin\server\jvm.dll
0x00007ffe75c10000 - 0x00007ffe75cc7000 	C:\WINDOWS\System32\ADVAPI32.dll
0x00007ffe767b0000 - 0x00007ffe7685a000 	C:\WINDOWS\System32\sechost.dll
0x00007ffe74610000 - 0x00007ffe74728000 	C:\WINDOWS\System32\RPCRT4.dll
0x00007ffe74a30000 - 0x00007ffe74ab0000 	C:\WINDOWS\System32\WS2_32.dll
0x00007ffe69a10000 - 0x00007ffe69a1b000 	C:\WINDOWS\SYSTEM32\VERSION.dll
0x00007ffe73920000 - 0x00007ffe7397e000 	C:\WINDOWS\SYSTEM32\POWRPROF.dll
0x00007ffe66170000 - 0x00007ffe661a6000 	C:\WINDOWS\SYSTEM32\WINMM.dll
0x00007ffe73900000 - 0x00007ffe73914000 	C:\WINDOWS\SYSTEM32\UMPDC.dll
0x00007ffe72780000 - 0x00007ffe7279b000 	C:\WINDOWS\SYSTEM32\kernel.appcore.dll
0x00007ffe5c230000 - 0x00007ffe5c23a000 	C:\Program Files\Eclipse Adoptium\jdk-17.0.18.8-hotspot\bin\jimage.dll
0x00007ffe71050000 - 0x00007ffe71292000 	C:\WINDOWS\SYSTEM32\DBGHELP.DLL
0x00007ffe74ac0000 - 0x00007ffe74e43000 	C:\WINDOWS\System32\combase.dll
0x00007ffe75920000 - 0x00007ffe759f9000 	C:\WINDOWS\System32\OLEAUT32.dll
0x00007ffe443a0000 - 0x00007ffe443db000 	C:\WINDOWS\SYSTEM32\dbgcore.DLL
0x00007ffe73e20000 - 0x00007ffe73ecc000 	C:\WINDOWS\System32\bcryptPrimitives.dll
0x00007ffe539f0000 - 0x00007ffe53a15000 	C:\Program Files\Eclipse Adoptium\jdk-17.0.18.8-hotspot\bin\java.dll
0x00007ffde29b0000 - 0x00007ffde2a87000 	C:\Program Files\Eclipse Adoptium\jdk-17.0.18.8-hotspot\bin\jsvml.dll
0x00007ffe75fb0000 - 0x00007ffe76742000 	C:\WINDOWS\System32\SHELL32.dll
0x00007ffe71520000 - 0x00007ffe71db2000 	C:\WINDOWS\SYSTEM32\windows.storage.dll
0x00007ffe74fa0000 - 0x00007ffe75097000 	C:\WINDOWS\System32\SHCORE.dll
0x00007ffe75d20000 - 0x00007ffe75d87000 	C:\WINDOWS\System32\shlwapi.dll
0x00007ffe739e0000 - 0x00007ffe73a09000 	C:\WINDOWS\SYSTEM32\profapi.dll
0x00007ffe528e0000 - 0x00007ffe528fa000 	C:\Program Files\Eclipse Adoptium\jdk-17.0.18.8-hotspot\bin\net.dll
0x00007ffe69030000 - 0x00007ffe69159000 	C:\WINDOWS\SYSTEM32\WINHTTP.dll
0x00007ffe72d50000 - 0x00007ffe72dbc000 	C:\WINDOWS\system32\mswsock.dll
0x00007ffe52880000 - 0x00007ffe52896000 	C:\Program Files\Eclipse Adoptium\jdk-17.0.18.8-hotspot\bin\nio.dll
0x00007ffe52210000 - 0x00007ffe52228000 	C:\Program Files\Eclipse Adoptium\jdk-17.0.18.8-hotspot\bin\zip.dll
0x00007ffe55c50000 - 0x00007ffe55c5a000 	C:\Program Files\Eclipse Adoptium\jdk-17.0.18.8-hotspot\bin\management.dll
0x00007ffe55ae0000 - 0x00007ffe55aec000 	C:\Program Files\Eclipse Adoptium\jdk-17.0.18.8-hotspot\bin\management_ext.dll
0x00007ffe74f10000 - 0x00007ffe74f18000 	C:\WINDOWS\System32\PSAPI.DLL
0x00007ffe2d250000 - 0x00007ffe2d268000 	C:\WINDOWS\system32\napinsp.dll
0x00007ffe72210000 - 0x00007ffe72365000 	C:\WINDOWS\SYSTEM32\DNSAPI.dll
0x00007ffe72b30000 - 0x00007ffe72b3d000 	C:\WINDOWS\SYSTEM32\DSPARSE.dll
0x00007ffe72170000 - 0x00007ffe721a3000 	C:\WINDOWS\SYSTEM32\IPHLPAPI.DLL
0x00007ffe74730000 - 0x00007ffe7473a000 	C:\WINDOWS\System32\NSI.dll
0x00007ffe2d200000 - 0x00007ffe2d213000 	C:\WINDOWS\System32\winrnr.dll
0x00007ffe3cd40000 - 0x00007ffe3cd56000 	C:\WINDOWS\system32\wshbth.dll
0x00007ffe2cf00000 - 0x00007ffe2cf22000 	C:\WINDOWS\system32\nlansp_c.dll
0x00007ffe68b20000 - 0x00007ffe68b2b000 	C:\Windows\System32\rasadhlp.dll
0x00007ffe6b100000 - 0x00007ffe6b186000 	C:\WINDOWS\System32\fwpuclnt.dll
0x00007ffe73050000 - 0x00007ffe7306b000 	C:\WINDOWS\SYSTEM32\CRYPTSP.dll
0x00007ffe726e0000 - 0x00007ffe72719000 	C:\WINDOWS\system32\rsaenh.dll
0x00007ffe72e10000 - 0x00007ffe72e42000 	C:\WINDOWS\SYSTEM32\USERENV.dll
0x00007ffe739b0000 - 0x00007ffe739da000 	C:\WINDOWS\SYSTEM32\bcrypt.dll
0x00007ffe73070000 - 0x00007ffe7307c000 	C:\WINDOWS\SYSTEM32\CRYPTBASE.dll
0x00007ffe6b010000 - 0x00007ffe6b02d000 	C:\WINDOWS\SYSTEM32\dhcpcsvc6.DLL
0x00007ffe6af70000 - 0x00007ffe6af95000 	C:\WINDOWS\SYSTEM32\dhcpcsvc.DLL
0x00007ffe54520000 - 0x00007ffe54529000 	C:\Program Files\Eclipse Adoptium\jdk-17.0.18.8-hotspot\bin\extnet.dll

dbghelp: loaded successfully - version: 4.0.5 - missing functions: none
symbol engine: initialized successfully - sym options: 0x614 - pdb path: .;C:\Program Files\Eclipse Adoptium\jdk-17.0.18.8-hotspot\bin;C:\WINDOWS\SYSTEM32;C:\WINDOWS\WinSxS\amd64_microsoft.windows.common-controls_6595b64144ccf1df_6.0.26100.8737_none_3e092eaee333b772;C:\Program Files\Eclipse Adoptium\jdk-17.0.18.8-hotspot\bin\server

VM Arguments:
jvm_args: -Dcom.sun.management.jmxremote -Dcom.sun.management.jmxremote.port=59206 -Dcom.sun.management.jmxremote.authenticate=false -Dcom.sun.management.jmxremote.ssl=false -Djava.rmi.server.hostname=localhost -Dspring.jmx.enabled=true -Dmanagement.endpoints.jmx.exposure.include=* -Dspring.application.admin.enabled=true -Dspring.output.ansi.enabled=always -XX:TieredStopAtLevel=1 -Dspring.boot.project.name=service-registry -Dfile.encoding=UTF-8 -Dstdout.encoding=UTF-8 -Dstderr.encoding=UTF-8 -XX:+ShowCodeDetailsInExceptionMessages 
java_command: com.company.registry.ServiceRegistryApplication
java_class_path (initial): C:\Users\swath\Downloads\service-registry\service-registry\target\classes;C:\Users\swath\.m2\repository\org\springframework\cloud\spring-cloud-starter-netflix-eureka-server\4.3.3\spring-cloud-starter-netflix-eureka-server-4.3.3.jar;C:\Users\swath\.m2\repository\org\springframework\cloud\spring-cloud-starter\4.3.3\spring-cloud-starter-4.3.3.jar;C:\Users\swath\.m2\repository\org\springframework\cloud\spring-cloud-context\4.3.3\spring-cloud-context-4.3.3.jar;C:\Users\swath\.m2\repository\org\springframework\security\spring-security-crypto\6.5.11\spring-security-crypto-6.5.11.jar;C:\Users\swath\.m2\repository\org\springframework\cloud\spring-cloud-commons\4.3.3\spring-cloud-commons-4.3.3.jar;C:\Users\swath\.m2\repository\org\bouncycastle\bcprov-jdk18on\1.80.2\bcprov-jdk18on-1.80.2.jar;C:\Users\swath\.m2\repository\org\springframework\cloud\spring-cloud-netflix-eureka-server\4.3.3\spring-cloud-netflix-eureka-server-4.3.3.jar;C:\Users\swath\.m2\repository\org\springframework\boot\spring-boot-starter-web\3.5.15\spring-boot-starter-web-3.5.15.jar;C:\Users\swath\.m2\repository\org\springframework\boot\spring-boot-starter-json\3.5.15\spring-boot-starter-json-3.5.15.jar;C:\Users\swath\.m2\repository\com\fasterxml\jackson\datatype\jackson-datatype-jdk8\2.21.4\jackson-datatype-jdk8-2.21.4.jar;C:\Users\swath\.m2\repository\com\fasterxml\jackson\datatype\jackson-datatype-jsr310\2.21.4\jackson-datatype-jsr310-2.21.4.jar;C:\Users\swath\.m2\repository\com\fasterxml\jackson\module\jackson-module-parameter-names\2.21.4\jackson-module-parameter-names-2.21.4.jar;C:\Users\swath\.m2\repository\org\springframework\boot\spring-boot-starter-tomcat\3.5.15\spring-boot-starter-tomcat-3.5.15.jar;C:\Users\swath\.m2\repository\org\apache\tomcat\embed\tomcat-embed-core\10.1.55\tomcat-embed-core-10.1.55.jar;C:\Users\swath\.m2\repository\org\apache\tomcat\embed\tomcat-embed-el\10.1.55\tomcat-embed-el-10.1.55.jar;C:\Users\swath\.m2\repository\org\apache\tomcat\embed\tomcat-
Launcher Type: SUN_STANDARD

[Global flags]
     intx CICompilerCount                          = 4                                         {product} {ergonomic}
     uint ConcGCThreads                            = 3                                         {product} {ergonomic}
     uint G1ConcRefinementThreads                  = 10                                        {product} {ergonomic}
   size_t G1HeapRegionSize                         = 1048576                                   {product} {ergonomic}
    uintx GCDrainStackTargetSize                   = 64                                        {product} {ergonomic}
   size_t InitialHeapSize                          = 62914560                                  {product} {ergonomic}
     bool ManagementServer                         = true                                      {product} {command line}
   size_t MarkStackSize                            = 4194304                                   {product} {ergonomic}
   size_t MaxHeapSize                              = 981467136                                 {product} {ergonomic}
   size_t MaxNewSize                               = 588251136                                 {product} {ergonomic}
   size_t MinHeapDeltaBytes                        = 1048576                                   {product} {ergonomic}
   size_t MinHeapSize                              = 8388608                                   {product} {ergonomic}
    uintx NonProfiledCodeHeapSize                  = 0                                      {pd product} {ergonomic}
     bool ProfileInterpreter                       = false                                  {pd product} {command line}
    uintx ProfiledCodeHeapSize                     = 0                                      {pd product} {ergonomic}
     bool ShowCodeDetailsInExceptionMessages       = true                                   {manageable} {command line}
   size_t SoftMaxHeapSize                          = 981467136                              {manageable} {ergonomic}
     intx TieredStopAtLevel                        = 1                                         {product} {command line}
     bool UseCompressedClassPointers               = true                           {product lp64_product} {ergonomic}
     bool UseCompressedOops                        = true                           {product lp64_product} {ergonomic}
     bool UseG1GC                                  = true                                      {product} {ergonomic}
     bool UseLargePagesIndividualAllocation        = false                                  {pd product} {ergonomic}

Logging:
Log output configuration:
 #0: stdout all=warning uptime,level,tags
 #1: stderr all=off uptime,level,tags

Environment Variables:
PATH=C:/Users/swath/.p2/pool/plugins/org.eclipse.justj.openjdk.hotspot.jre.full.win32.x86_64_21.0.10.v20260205-0638/jre/bin/server;C:/Users/swath/.p2/pool/plugins/org.eclipse.justj.openjdk.hotspot.jre.full.win32.x86_64_21.0.10.v20260205-0638/jre/bin;C:\Program Files\Eclipse Adoptium\jdk-17.0.18.8-hotspot\bin;C:\Program Files\Common Files\Oracle\Java\javapath;C:\WINDOWS\system32;C:\WINDOWS;C:\WINDOWS\System32\Wbem;C:\WINDOWS\System32\WindowsPowerShell\v1.0\;C:\WINDOWS\System32\OpenSSH\;C:\Program Files\Java\jdk-25.0.2\bin;C:\Program Files\MySQL\MySQL Server 8.0\bin;C:\Program Files\Git\cmd;C:\Program Files\MySQL\MySQL Shell 8.0\bin\;C:\Users\swath\AppData\Local\Microsoft\WindowsApps;;C:\Users\swath\OneDrive\Desktop;
USERNAME=swath
OS=Windows_NT
PROCESSOR_IDENTIFIER=Intel64 Family 6 Model 186 Stepping 3, GenuineIntel
TMP=C:\Users\swath\AppData\Local\Temp
TEMP=C:\Users\swath\AppData\Local\Temp



Periodic native trim disabled


---------------  S Y S T E M  ---------------

OS:
 Windows 11 , 64 bit Build 26100 (10.0.26100.8737)
OS uptime: 0 days 3:21 hours
Hyper-V role detected

CPU: total 12 (initial active 12) (6 cores per cpu, 2 threads per core) family 6 model 186 stepping 3 microcode 0x6134, cx8, cmov, fxsr, ht, mmx, 3dnowpref, sse, sse2, sse3, ssse3, sse4.1, sse4.2, popcnt, lzcnt, tsc, tscinvbit, avx, avx2, aes, erms, clmul, bmi1, bmi2, adx, sha, fma, vzeroupper, clflush, clflushopt, clwb, hv
Processor Information for all 12 processors :
  Max Mhz: 1300, Current Mhz: 1300, Mhz Limit: 1300

Memory: 4k page, system-wide physical 3739M (21M free)
TotalPageFile size 15003M (AvailPageFile size 5M)
current process WorkingSet (physical memory assigned to process): 74M, peak: 96M
current process commit charge ("private bytes"): 171M, peak: 172M

vm_info: OpenJDK 64-Bit Server VM (17.0.18+8) for windows-amd64 JRE (17.0.18+8), built on Jan 20 2026 22:28:22 by "admin" with MS VC++ 17.12 (VS2022)

END.
